This file contains any messages produced by compilers while
running configure, to aid debugging if configure makes a mistake.

It was created by gpgme configure 1.24.0-unknown, which was
generated by GNU Autoconf 2.71.  Invocation command line was

  $ ../configure --enable-maintainer-mode

## --------- ##
## Platform. ##
## --------- ##

hostname = bardcs03
uname -m = x86_64
uname -r = 6.8.0-48-generic
uname -s = Linux
uname -v = #48~22.04.1-Ubuntu SMP PREEMPT_DYNAMIC Mon Oct  7 11:24:13 UTC 2

/usr/bin/uname -p = x86_64
/bin/uname -X     = unknown

/bin/arch              = x86_64
/usr/bin/arch -k       = unknown
/usr/convex/getsysinfo = unknown
/usr/bin/hostinfo      = unknown
/bin/machine           = unknown
/usr/bin/oslevel       = unknown
/bin/universe          = unknown

PATH: /usr/local/sbin/
PATH: /usr/local/bin/
PATH: /usr/sbin/
PATH: /usr/bin/
PATH: /sbin/
PATH: /bin/
PATH: /usr/games/
PATH: /usr/local/games/
PATH: /snap/bin/
PATH: /snap/bin/
PATH: /usr/share/rvm/bin/
PATH: /home/henry/.local/bin/
PATH: /home/henry/go/bin/
PATH: /Users/hew_/.local/bin/
PATH: /home/hendog4eva/.cargo/bin/
PATH: /bin/
PATH: /home/henry/.elan/bin/
PATH: /opt/nvim-linux64/bin/


## ----------- ##
## Core tests. ##
## ----------- ##

configure:3381: looking for aux files: ltmain.sh compile config.guess config.sub missing install-sh
configure:3394:  trying ../build-aux/
configure:3423:   ../build-aux/ltmain.sh found
configure:3423:   ../build-aux/compile found
configure:3423:   ../build-aux/config.guess found
configure:3423:   ../build-aux/config.sub found
configure:3423:   ../build-aux/missing found
configure:3405:   ../build-aux/install-sh found
configure:3605: checking for a BSD-compatible install
configure:3678: result: /usr/bin/install -c
configure:3689: checking whether build environment is sane
configure:3744: result: yes
configure:3903: checking for a race-free mkdir -p
configure:3947: result: /usr/bin/mkdir -p
configure:3954: checking for gawk
configure:3975: found /usr/bin/gawk
configure:3986: result: gawk
configure:3997: checking whether make sets $(MAKE)
configure:4020: result: yes
configure:4050: checking whether make supports nested variables
configure:4068: result: yes
configure:4205: checking whether to enable maintainer-specific portions of Makefiles
configure:4215: result: yes
configure:4234: checking build system type
configure:4249: result: x86_64-pc-linux-gnu
configure:4269: checking host system type
configure:4283: result: x86_64-pc-linux-gnu
configure:4315: checking whether make supports nested variables
configure:4333: result: yes
configure:4348: checking for yat2m
configure:4372: found /usr/local/bin/yat2m
configure:4385: result: /usr/local/bin/yat2m
configure:4417: checking whether make supports the include directive
configure:4432: make -f confmf.GNU && cat confinc.out
this is the am__doit target
configure:4435: $? = 0
configure:4454: result: yes (GNU style)
configure:4530: checking for gcc
configure:4551: found /usr/bin/gcc
configure:4562: result: gcc
configure:4915: checking for C compiler version
configure:4924: gcc --version >&5
gcc (Ubuntu 11.4.0-1ubuntu1~22.04) 11.4.0
Copyright (C) 2021 Free Software Foundation, Inc.
This is free software; see the source for copying conditions.  There is NO
warranty; not even for MERCHANTABILITY or FITNESS FOR A PARTICULAR PURPOSE.

configure:4935: $? = 0
configure:4924: gcc -v >&5
Using built-in specs.
COLLECT_GCC=gcc
COLLECT_LTO_WRAPPER=/usr/lib/gcc/x86_64-linux-gnu/11/lto-wrapper
OFFLOAD_TARGET_NAMES=nvptx-none:amdgcn-amdhsa
OFFLOAD_TARGET_DEFAULT=1
Target: x86_64-linux-gnu
Configured with: ../src/configure -v --with-pkgversion='Ubuntu 11.4.0-1ubuntu1~22.04' --with-bugurl=file:///usr/share/doc/gcc-11/README.Bugs --enable-languages=c,ada,c++,go,brig,d,fortran,objc,obj-c++,m2 --prefix=/usr --with-gcc-major-version-only --program-suffix=-11 --program-prefix=x86_64-linux-gnu- --enable-shared --enable-linker-build-id --libexecdir=/usr/lib --without-included-gettext --enable-threads=posix --libdir=/usr/lib --enable-nls --enable-bootstrap --enable-clocale=gnu --enable-libstdcxx-debug --enable-libstdcxx-time=yes --with-default-libstdcxx-abi=new --enable-gnu-unique-object --disable-vtable-verify --enable-plugin --enable-default-pie --with-system-zlib --enable-libphobos-checking=release --with-target-system-zlib=auto --enable-objc-gc=auto --enable-multiarch --disable-werror --enable-cet --with-arch-32=i686 --with-abi=m64 --with-multilib-list=m32,m64,mx32 --enable-multilib --with-tune=generic --enable-offload-targets=nvptx-none=/build/gcc-11-XeT9lY/gcc-11-11.4.0/debian/tmp-nvptx/usr,amdgcn-amdhsa=/build/gcc-11-XeT9lY/gcc-11-11.4.0/debian/tmp-gcn/usr --without-cuda-driver --enable-checking=release --build=x86_64-linux-gnu --host=x86_64-linux-gnu --target=x86_64-linux-gnu --with-build-config=bootstrap-lto-lean --enable-link-serialization=2
Thread model: posix
Supported LTO compression algorithms: zlib zstd
gcc version 11.4.0 (Ubuntu 11.4.0-1ubuntu1~22.04) 
... rest of stderr output deleted ...
configure:4935: $? = 0
configure:4924: gcc -V >&5
gcc: error: unrecognized command-line option '-V'
gcc: fatal error: no input files
compilation terminated.
configure:4935: $? = 1
configure:4924: gcc -qversion >&5
gcc: error: unrecognized command-line option '-qversion'; did you mean '--version'?
gcc: fatal error: no input files
compilation terminated.
configure:4935: $? = 1
configure:4924: gcc -version >&5
gcc: error: unrecognized command-line option '-version'
gcc: fatal error: no input files
compilation terminated.
configure:4935: $? = 1
configure:4955: checking whether the C compiler works
configure:4977: gcc    conftest.c  >&5
configure:4981: $? = 0
configure:5031: result: yes
configure:5034: checking for C compiler default output file name
configure:5036: result: a.out
configure:5042: checking for suffix of executables
configure:5049: gcc -o conftest    conftest.c  >&5
configure:5053: $? = 0
configure:5076: result: 
configure:5098: checking whether we are cross compiling
configure:5106: gcc -o conftest    conftest.c  >&5
configure:5110: $? = 0
configure:5117: ./conftest
configure:5121: $? = 0
configure:5136: result: no
configure:5141: checking for suffix of object files
configure:5164: gcc -c   conftest.c >&5
configure:5168: $? = 0
configure:5190: result: o
configure:5194: checking whether the compiler supports GNU C
configure:5214: gcc -c   conftest.c >&5
configure:5214: $? = 0
configure:5224: result: yes
configure:5235: checking whether gcc accepts -g
configure:5256: gcc -c -g  conftest.c >&5
configure:5256: $? = 0
configure:5300: result: yes
configure:5320: checking for gcc option to enable C11 features
configure:5335: gcc  -c -g -O2  conftest.c >&5
configure:5335: $? = 0
configure:5353: result: none needed
configure:5469: checking whether gcc understands -c and -o together
configure:5492: gcc -c conftest.c -o conftest2.o
configure:5495: $? = 0
configure:5492: gcc -c conftest.c -o conftest2.o
configure:5495: $? = 0
configure:5507: result: yes
configure:5526: checking dependency style of gcc
configure:5638: result: gcc3
configure:5658: checking for stdio.h
configure:5658: gcc -c -g -O2  conftest.c >&5
configure:5658: $? = 0
configure:5658: result: yes
configure:5658: checking for stdlib.h
configure:5658: gcc -c -g -O2  conftest.c >&5
configure:5658: $? = 0
configure:5658: result: yes
configure:5658: checking for string.h
configure:5658: gcc -c -g -O2  conftest.c >&5
configure:5658: $? = 0
configure:5658: result: yes
configure:5658: checking for inttypes.h
configure:5658: gcc -c -g -O2  conftest.c >&5
configure:5658: $? = 0
configure:5658: result: yes
configure:5658: checking for stdint.h
configure:5658: gcc -c -g -O2  conftest.c >&5
configure:5658: $? = 0
configure:5658: result: yes
configure:5658: checking for strings.h
configure:5658: gcc -c -g -O2  conftest.c >&5
configure:5658: $? = 0
configure:5658: result: yes
configure:5658: checking for sys/stat.h
configure:5658: gcc -c -g -O2  conftest.c >&5
configure:5658: $? = 0
configure:5658: result: yes
configure:5658: checking for sys/types.h
configure:5658: gcc -c -g -O2  conftest.c >&5
configure:5658: $? = 0
configure:5658: result: yes
configure:5658: checking for unistd.h
configure:5658: gcc -c -g -O2  conftest.c >&5
configure:5658: $? = 0
configure:5658: result: yes
configure:5658: checking for wchar.h
configure:5658: gcc -c -g -O2  conftest.c >&5
configure:5658: $? = 0
configure:5658: result: yes
configure:5658: checking for minix/config.h
configure:5658: gcc -c -g -O2  conftest.c >&5
conftest.c:49:10: fatal error: minix/config.h: No such file or directory
   49 | #include <minix/config.h>
      |          ^~~~~~~~~~~~~~~~
compilation terminated.
configure:5658: $? = 1
configure: failed program was:
| /* confdefs.h */
| #define PACKAGE_NAME "gpgme"
| #define PACKAGE_TARNAME "gpgme"
| #define PACKAGE_VERSION "1.24.0-unknown"
| #define PACKAGE_STRING "gpgme 1.24.0-unknown"
| #define PACKAGE_BUGREPORT "https://bugs.gnupg.org"
| #define PACKAGE_URL ""
| #define PACKAGE "gpgme"
| #define VERSION "1.24.0-unknown"
| #define HAVE_STDIO_H 1
| #define HAVE_STDLIB_H 1
| #define HAVE_STRING_H 1
| #define HAVE_INTTYPES_H 1
| #define HAVE_STDINT_H 1
| #define HAVE_STRINGS_H 1
| #define HAVE_SYS_STAT_H 1
| #define HAVE_SYS_TYPES_H 1
| #define HAVE_UNISTD_H 1
| #define HAVE_WCHAR_H 1
| /* end confdefs.h.  */
| #include <stddef.h>
| #ifdef HAVE_STDIO_H
| # include <stdio.h>
| #endif
| #ifdef HAVE_STDLIB_H
| # include <stdlib.h>
| #endif
| #ifdef HAVE_STRING_H
| # include <string.h>
| #endif
| #ifdef HAVE_INTTYPES_H
| # include <inttypes.h>
| #endif
| #ifdef HAVE_STDINT_H
| # include <stdint.h>
| #endif
| #ifdef HAVE_STRINGS_H
| # include <strings.h>
| #endif
| #ifdef HAVE_SYS_TYPES_H
| # include <sys/types.h>
| #endif
| #ifdef HAVE_SYS_STAT_H
| # include <sys/stat.h>
| #endif
| #ifdef HAVE_UNISTD_H
| # include <unistd.h>
| #endif
| #include <minix/config.h>
configure:5658: result: no
configure:5658: checking for locale.h
configure:5658: gcc -c -g -O2  conftest.c >&5
configure:5658: $? = 0
configure:5658: result: yes
configure:5658: checking for sys/select.h
configure:5658: gcc -c -g -O2  conftest.c >&5
configure:5658: $? = 0
configure:5658: result: yes
configure:5658: checking for sys/uio.h
configure:5658: gcc -c -g -O2  conftest.c >&5
configure:5658: $? = 0
configure:5658: result: yes
configure:5658: checking for argp.h
configure:5658: gcc -c -g -O2  conftest.c >&5
configure:5658: $? = 0
configure:5658: result: yes
configure:5658: checking for poll.h
configure:5658: gcc -c -g -O2  conftest.c >&5
configure:5658: $? = 0
configure:5658: result: yes
configure:5658: checking for sys/time.h
configure:5658: gcc -c -g -O2  conftest.c >&5
configure:5658: $? = 0
configure:5658: result: yes
configure:5689: checking whether it is safe to define __EXTENSIONS__
configure:5708: gcc -c -g -O2  conftest.c >&5
configure:5708: $? = 0
configure:5716: result: yes
configure:5719: checking whether _XOPEN_SOURCE should be defined
configure:5741: gcc -c -g -O2  conftest.c >&5
configure:5741: $? = 0
configure:5768: result: no
configure:5913: checking for gcc
configure:5945: result: gcc
configure:6298: checking for C compiler version
configure:6307: gcc --version >&5
gcc (Ubuntu 11.4.0-1ubuntu1~22.04) 11.4.0
Copyright (C) 2021 Free Software Foundation, Inc.
This is free software; see the source for copying conditions.  There is NO
warranty; not even for MERCHANTABILITY or FITNESS FOR A PARTICULAR PURPOSE.

configure:6318: $? = 0
configure:6307: gcc -v >&5
Using built-in specs.
COLLECT_GCC=gcc
COLLECT_LTO_WRAPPER=/usr/lib/gcc/x86_64-linux-gnu/11/lto-wrapper
OFFLOAD_TARGET_NAMES=nvptx-none:amdgcn-amdhsa
OFFLOAD_TARGET_DEFAULT=1
Target: x86_64-linux-gnu
Configured with: ../src/configure -v --with-pkgversion='Ubuntu 11.4.0-1ubuntu1~22.04' --with-bugurl=file:///usr/share/doc/gcc-11/README.Bugs --enable-languages=c,ada,c++,go,brig,d,fortran,objc,obj-c++,m2 --prefix=/usr --with-gcc-major-version-only --program-suffix=-11 --program-prefix=x86_64-linux-gnu- --enable-shared --enable-linker-build-id --libexecdir=/usr/lib --without-included-gettext --enable-threads=posix --libdir=/usr/lib --enable-nls --enable-bootstrap --enable-clocale=gnu --enable-libstdcxx-debug --enable-libstdcxx-time=yes --with-default-libstdcxx-abi=new --enable-gnu-unique-object --disable-vtable-verify --enable-plugin --enable-default-pie --with-system-zlib --enable-libphobos-checking=release --with-target-system-zlib=auto --enable-objc-gc=auto --enable-multiarch --disable-werror --enable-cet --with-arch-32=i686 --with-abi=m64 --with-multilib-list=m32,m64,mx32 --enable-multilib --with-tune=generic --enable-offload-targets=nvptx-none=/build/gcc-11-XeT9lY/gcc-11-11.4.0/debian/tmp-nvptx/usr,amdgcn-amdhsa=/build/gcc-11-XeT9lY/gcc-11-11.4.0/debian/tmp-gcn/usr --without-cuda-driver --enable-checking=release --build=x86_64-linux-gnu --host=x86_64-linux-gnu --target=x86_64-linux-gnu --with-build-config=bootstrap-lto-lean --enable-link-serialization=2
Thread model: posix
Supported LTO compression algorithms: zlib zstd
gcc version 11.4.0 (Ubuntu 11.4.0-1ubuntu1~22.04) 
... rest of stderr output deleted ...
configure:6318: $? = 0
configure:6307: gcc -V >&5
gcc: error: unrecognized command-line option '-V'
gcc: fatal error: no input files
compilation terminated.
configure:6318: $? = 1
configure:6307: gcc -qversion >&5
gcc: error: unrecognized command-line option '-qversion'; did you mean '--version'?
gcc: fatal error: no input files
compilation terminated.
configure:6318: $? = 1
configure:6307: gcc -version >&5
gcc: error: unrecognized command-line option '-version'
gcc: fatal error: no input files
compilation terminated.
configure:6318: $? = 1
configure:6322: checking whether the compiler supports GNU C
configure:6352: result: yes
configure:6363: checking whether gcc accepts -g
configure:6428: result: yes
configure:6448: checking for gcc option to enable C11 features
configure:6481: result: none needed
configure:6597: checking whether gcc understands -c and -o together
configure:6635: result: yes
configure:6654: checking dependency style of gcc
configure:6766: result: gcc3
configure:6786: checking how to run the C preprocessor
configure:6812: gcc -E  conftest.c
configure:6812: $? = 0
configure:6827: gcc -E  conftest.c
conftest.c:44:10: fatal error: ac_nonexistent.h: No such file or directory
   44 | #include <ac_nonexistent.h>
      |          ^~~~~~~~~~~~~~~~~~
compilation terminated.
configure:6827: $? = 1
configure: failed program was:
| /* confdefs.h */
| #define PACKAGE_NAME "gpgme"
| #define PACKAGE_TARNAME "gpgme"
| #define PACKAGE_VERSION "1.24.0-unknown"
| #define PACKAGE_STRING "gpgme 1.24.0-unknown"
| #define PACKAGE_BUGREPORT "https://bugs.gnupg.org"
| #define PACKAGE_URL ""
| #define PACKAGE "gpgme"
| #define VERSION "1.24.0-unknown"
| #define HAVE_STDIO_H 1
| #define HAVE_STDLIB_H 1
| #define HAVE_STRING_H 1
| #define HAVE_INTTYPES_H 1
| #define HAVE_STDINT_H 1
| #define HAVE_STRINGS_H 1
| #define HAVE_SYS_STAT_H 1
| #define HAVE_SYS_TYPES_H 1
| #define HAVE_UNISTD_H 1
| #define HAVE_WCHAR_H 1
| #define HAVE_LOCALE_H 1
| #define HAVE_SYS_SELECT_H 1
| #define HAVE_SYS_UIO_H 1
| #define HAVE_ARGP_H 1
| #define HAVE_POLL_H 1
| #define HAVE_SYS_TIME_H 1
| #define STDC_HEADERS 1
| #define _ALL_SOURCE 1
| #define _DARWIN_C_SOURCE 1
| #define _GNU_SOURCE 1
| #define _HPUX_ALT_XOPEN_SOCKET_API 1
| #define _NETBSD_SOURCE 1
| #define _OPENBSD_SOURCE 1
| #define _POSIX_PTHREAD_SEMANTICS 1
| #define __STDC_WANT_IEC_60559_ATTRIBS_EXT__ 1
| #define __STDC_WANT_IEC_60559_BFP_EXT__ 1
| #define __STDC_WANT_IEC_60559_DFP_EXT__ 1
| #define __STDC_WANT_IEC_60559_FUNCS_EXT__ 1
| #define __STDC_WANT_IEC_60559_TYPES_EXT__ 1
| #define __STDC_WANT_LIB_EXT2__ 1
| #define __STDC_WANT_MATH_SPEC_FUNCS__ 1
| #define _TANDEM_SOURCE 1
| #define __EXTENSIONS__ 1
| /* end confdefs.h.  */
| #include <ac_nonexistent.h>
configure:6854: result: gcc -E
configure:6868: gcc -E  conftest.c
configure:6868: $? = 0
configure:6883: gcc -E  conftest.c
conftest.c:44:10: fatal error: ac_nonexistent.h: No such file or directory
   44 | #include <ac_nonexistent.h>
      |          ^~~~~~~~~~~~~~~~~~
compilation terminated.
configure:6883: $? = 1
configure: failed program was:
| /* confdefs.h */
| #define PACKAGE_NAME "gpgme"
| #define PACKAGE_TARNAME "gpgme"
| #define PACKAGE_VERSION "1.24.0-unknown"
| #define PACKAGE_STRING "gpgme 1.24.0-unknown"
| #define PACKAGE_BUGREPORT "https://bugs.gnupg.org"
| #define PACKAGE_URL ""
| #define PACKAGE "gpgme"
| #define VERSION "1.24.0-unknown"
| #define HAVE_STDIO_H 1
| #define HAVE_STDLIB_H 1
| #define HAVE_STRING_H 1
| #define HAVE_INTTYPES_H 1
| #define HAVE_STDINT_H 1
| #define HAVE_STRINGS_H 1
| #define HAVE_SYS_STAT_H 1
| #define HAVE_SYS_TYPES_H 1
| #define HAVE_UNISTD_H 1
| #define HAVE_WCHAR_H 1
| #define HAVE_LOCALE_H 1
| #define HAVE_SYS_SELECT_H 1
| #define HAVE_SYS_UIO_H 1
| #define HAVE_ARGP_H 1
| #define HAVE_POLL_H 1
| #define HAVE_SYS_TIME_H 1
| #define STDC_HEADERS 1
| #define _ALL_SOURCE 1
| #define _DARWIN_C_SOURCE 1
| #define _GNU_SOURCE 1
| #define _HPUX_ALT_XOPEN_SOCKET_API 1
| #define _NETBSD_SOURCE 1
| #define _OPENBSD_SOURCE 1
| #define _POSIX_PTHREAD_SEMANTICS 1
| #define __STDC_WANT_IEC_60559_ATTRIBS_EXT__ 1
| #define __STDC_WANT_IEC_60559_BFP_EXT__ 1
| #define __STDC_WANT_IEC_60559_DFP_EXT__ 1
| #define __STDC_WANT_IEC_60559_FUNCS_EXT__ 1
| #define __STDC_WANT_IEC_60559_TYPES_EXT__ 1
| #define __STDC_WANT_LIB_EXT2__ 1
| #define __STDC_WANT_MATH_SPEC_FUNCS__ 1
| #define _TANDEM_SOURCE 1
| #define __EXTENSIONS__ 1
| /* end confdefs.h.  */
| #include <ac_nonexistent.h>
configure:6982: checking for g++
configure:7003: found /usr/bin/g++
configure:7014: result: g++
configure:7041: checking for C++ compiler version
configure:7050: g++ --version >&5
g++ (Ubuntu 11.4.0-1ubuntu1~22.04) 11.4.0
Copyright (C) 2021 Free Software Foundation, Inc.
This is free software; see the source for copying conditions.  There is NO
warranty; not even for MERCHANTABILITY or FITNESS FOR A PARTICULAR PURPOSE.

configure:7061: $? = 0
configure:7050: g++ -v >&5
Using built-in specs.
COLLECT_GCC=g++
COLLECT_LTO_WRAPPER=/usr/lib/gcc/x86_64-linux-gnu/11/lto-wrapper
OFFLOAD_TARGET_NAMES=nvptx-none:amdgcn-amdhsa
OFFLOAD_TARGET_DEFAULT=1
Target: x86_64-linux-gnu
Configured with: ../src/configure -v --with-pkgversion='Ubuntu 11.4.0-1ubuntu1~22.04' --with-bugurl=file:///usr/share/doc/gcc-11/README.Bugs --enable-languages=c,ada,c++,go,brig,d,fortran,objc,obj-c++,m2 --prefix=/usr --with-gcc-major-version-only --program-suffix=-11 --program-prefix=x86_64-linux-gnu- --enable-shared --enable-linker-build-id --libexecdir=/usr/lib --without-included-gettext --enable-threads=posix --libdir=/usr/lib --enable-nls --enable-bootstrap --enable-clocale=gnu --enable-libstdcxx-debug --enable-libstdcxx-time=yes --with-default-libstdcxx-abi=new --enable-gnu-unique-object --disable-vtable-verify --enable-plugin --enable-default-pie --with-system-zlib --enable-libphobos-checking=release --with-target-system-zlib=auto --enable-objc-gc=auto --enable-multiarch --disable-werror --enable-cet --with-arch-32=i686 --with-abi=m64 --with-multilib-list=m32,m64,mx32 --enable-multilib --with-tune=generic --enable-offload-targets=nvptx-none=/build/gcc-11-XeT9lY/gcc-11-11.4.0/debian/tmp-nvptx/usr,amdgcn-amdhsa=/build/gcc-11-XeT9lY/gcc-11-11.4.0/debian/tmp-gcn/usr --without-cuda-driver --enable-checking=release --build=x86_64-linux-gnu --host=x86_64-linux-gnu --target=x86_64-linux-gnu --with-build-config=bootstrap-lto-lean --enable-link-serialization=2
Thread model: posix
Supported LTO compression algorithms: zlib zstd
gcc version 11.4.0 (Ubuntu 11.4.0-1ubuntu1~22.04) 
... rest of stderr output deleted ...
configure:7061: $? = 0
configure:7050: g++ -V >&5
g++: error: unrecognized command-line option '-V'
g++: fatal error: no input files
compilation terminated.
configure:7061: $? = 1
configure:7050: g++ -qversion >&5
g++: error: unrecognized command-line option '-qversion'; did you mean '--version'?
g++: fatal error: no input files
compilation terminated.
configure:7061: $? = 1
configure:7065: checking whether the compiler supports GNU C++
configure:7085: g++ -c   conftest.cpp >&5
configure:7085: $? = 0
configure:7095: result: yes
configure:7106: checking whether g++ accepts -g
configure:7127: g++ -c -g  conftest.cpp >&5
configure:7127: $? = 0
configure:7171: result: yes
configure:7191: checking for g++ option to enable C++11 features
configure:7206: g++  -c -g -O2  conftest.cpp >&5
conftest.cpp: In function 'int main(int, char**)':
conftest.cpp:210:25: warning: empty parentheses were disambiguated as a function declaration [-Wvexing-parse]
  210 |   cxx11test::delegate d2();
      |                         ^~
conftest.cpp:210:25: note: remove parentheses to default-initialize a variable
  210 |   cxx11test::delegate d2();
      |                         ^~
      |                         --
conftest.cpp:210:25: note: or replace parentheses with braces to value-initialize a variable
configure:7206: $? = 0
configure:7224: result: none needed
configure:7290: checking dependency style of g++
configure:7402: result: gcc3
configure:7423: checking for gitlog-to-changelog
configure:7458: result: no
configure:7481: checking for cc for build
configure:7488: result: gcc
configure:7542: checking how to print strings
configure:7569: result: printf
configure:7590: checking for a sed that does not truncate output
configure:7660: result: /usr/bin/sed
configure:7678: checking for grep that handles long lines and -e
configure:7742: result: /usr/bin/grep
configure:7747: checking for egrep
configure:7815: result: /usr/bin/grep -E
configure:7820: checking for fgrep
configure:7888: result: /usr/bin/grep -F
configure:7924: checking for ld used by gcc
configure:7992: result: /usr/bin/ld
configure:7999: checking if the linker (/usr/bin/ld) is GNU ld
configure:8015: result: yes
configure:8027: checking for BSD- or MS-compatible name lister (nm)
configure:8077: result: /usr/bin/nm -B
configure:8217: checking the name lister (/usr/bin/nm -B) interface
configure:8225: gcc -c -g -O2  conftest.c >&5
configure:8228: /usr/bin/nm -B "conftest.o"
configure:8231: output
0000000000000000 B some_variable
configure:8238: result: BSD nm
configure:8241: checking whether ln -s works
configure:8245: result: yes
configure:8253: checking the maximum length of command line arguments
configure:8384: result: 1572864
configure:8401: checking whether the shell understands some XSI constructs
configure:8411: result: yes
configure:8415: checking whether the shell understands "+="
configure:8421: result: yes
configure:8456: checking how to convert x86_64-pc-linux-gnu file names to x86_64-pc-linux-gnu format
configure:8497: result: func_convert_file_noop
configure:8504: checking how to convert x86_64-pc-linux-gnu file names to toolchain format
configure:8525: result: func_convert_file_noop
configure:8532: checking for /usr/bin/ld option to reload object files
configure:8540: result: -r
configure:8619: checking for objdump
configure:8640: found /usr/bin/objdump
configure:8651: result: objdump
configure:8680: checking how to recognize dependent libraries
configure:8883: result: pass_all
configure:8973: checking for dlltool
configure:9008: result: no
configure:9035: checking how to associate runtime and link libraries
configure:9063: result: printf %s\n
configure:9128: checking for ar
configure:9149: found /usr/bin/ar
configure:9160: result: ar
configure:9197: checking for archiver @FILE support
configure:9215: gcc -c -g -O2  conftest.c >&5
configure:9215: $? = 0
configure:9219: ar cru libconftest.a @conftest.lst >&5
ar: `u' modifier ignored since `D' is the default (see `U')
configure:9222: $? = 0
configure:9227: ar cru libconftest.a @conftest.lst >&5
ar: `u' modifier ignored since `D' is the default (see `U')
ar: conftest.o: No such file or directory
configure:9230: $? = 1
configure:9242: result: @
configure:9305: checking for strip
configure:9326: found /usr/bin/strip
configure:9337: result: strip
configure:9414: checking for ranlib
configure:9435: found /usr/bin/ranlib
configure:9446: result: ranlib
configure:9548: checking command to parse /usr/bin/nm -B output from gcc object
configure:9669: gcc -c -g -O2  conftest.c >&5
configure:9672: $? = 0
configure:9676: /usr/bin/nm -B conftest.o \| sed -n -e 's/^.*[ ]\([ABCDGIRSTW][ABCDGIRSTW]*\)[ ][ ]*\([_A-Za-z][_A-Za-z0-9]*\)$/\1 \2 \2/p' | sed '/ __gnu_lto/d' \> conftest.nm
configure:9679: $? = 0
configure:9745: gcc -o conftest -g -O2   conftest.c conftstm.o >&5
configure:9748: $? = 0
configure:9786: result: ok
configure:9823: checking for sysroot
configure:9854: result: no
configure:9932: gcc -c -g -O2  conftest.c >&5
configure:9935: $? = 0
configure:10124: checking for mt
configure:10145: found /usr/bin/mt
configure:10156: result: mt
configure:10179: checking if mt is a manifest tool
configure:10186: mt '-?'
configure:10194: result: no
configure:10880: checking for dlfcn.h
configure:10880: gcc -c -g -O2  conftest.c >&5
configure:10880: $? = 0
configure:10880: result: yes
configure:11425: checking for objdir
configure:11441: result: .libs
configure:11712: checking if gcc supports -fno-rtti -fno-exceptions
configure:11731: gcc -c -g -O2  -fno-rtti -fno-exceptions conftest.c >&5
cc1: warning: command-line option '-fno-rtti' is valid for C++/D/ObjC++ but not for C
configure:11735: $? = 0
configure:11748: result: no
configure:12075: checking for gcc option to produce PIC
configure:12083: result: -fPIC -DPIC
configure:12091: checking if gcc PIC flag -fPIC -DPIC works
configure:12110: gcc -c -g -O2  -fPIC -DPIC -DPIC conftest.c >&5
configure:12114: $? = 0
configure:12127: result: yes
configure:12156: checking if gcc static flag -static works
configure:12185: result: yes
configure:12200: checking if gcc supports -c -o file.o
configure:12222: gcc -c -g -O2  -o out/conftest2.o conftest.c >&5
configure:12226: $? = 0
configure:12248: result: yes
configure:12256: checking if gcc supports -c -o file.o
configure:12304: result: yes
configure:12337: checking whether the gcc linker (/usr/bin/ld -m elf_x86_64) supports shared libraries
configure:13501: result: yes
configure:13538: checking whether -lc should be explicitly linked in
configure:13547: gcc -c -g -O2  conftest.c >&5
configure:13550: $? = 0
configure:13565: gcc -shared  -fPIC -DPIC conftest.o  -v -Wl,-soname -Wl,conftest -o conftest 2\>\&1 \| /usr/bin/grep  -lc  \>/dev/null 2\>\&1
configure:13568: $? = 0
configure:13582: result: no
configure:13742: checking dynamic linker characteristics
configure:14274: gcc -o conftest -g -O2   -Wl,-rpath -Wl,/foo conftest.c  >&5
configure:14274: $? = 0
configure:14510: result: GNU/Linux ld.so
configure:14617: checking how to hardcode library paths into programs
configure:14642: result: immediate
configure:15186: checking whether stripping libraries is possible
configure:15191: result: yes
configure:15226: checking if libtool supports shared libraries
configure:15228: result: yes
configure:15231: checking whether to build shared libraries
configure:15252: result: yes
configure:15255: checking whether to build static libraries
configure:15259: result: no
configure:15282: checking how to run the C++ preprocessor
configure:15304: g++ -E  conftest.cpp
configure:15304: $? = 0
configure:15319: g++ -E  conftest.cpp
conftest.cpp:46:10: fatal error: ac_nonexistent.h: No such file or directory
   46 | #include <ac_nonexistent.h>
      |          ^~~~~~~~~~~~~~~~~~
compilation terminated.
configure:15319: $? = 1
configure: failed program was:
| /* confdefs.h */
| #define PACKAGE_NAME "gpgme"
| #define PACKAGE_TARNAME "gpgme"
| #define PACKAGE_VERSION "1.24.0-unknown"
| #define PACKAGE_STRING "gpgme 1.24.0-unknown"
| #define PACKAGE_BUGREPORT "https://bugs.gnupg.org"
| #define PACKAGE_URL ""
| #define PACKAGE "gpgme"
| #define VERSION "1.24.0-unknown"
| #define HAVE_STDIO_H 1
| #define HAVE_STDLIB_H 1
| #define HAVE_STRING_H 1
| #define HAVE_INTTYPES_H 1
| #define HAVE_STDINT_H 1
| #define HAVE_STRINGS_H 1
| #define HAVE_SYS_STAT_H 1
| #define HAVE_SYS_TYPES_H 1
| #define HAVE_UNISTD_H 1
| #define HAVE_WCHAR_H 1
| #define HAVE_LOCALE_H 1
| #define HAVE_SYS_SELECT_H 1
| #define HAVE_SYS_UIO_H 1
| #define HAVE_ARGP_H 1
| #define HAVE_POLL_H 1
| #define HAVE_SYS_TIME_H 1
| #define STDC_HEADERS 1
| #define _ALL_SOURCE 1
| #define _DARWIN_C_SOURCE 1
| #define _GNU_SOURCE 1
| #define _HPUX_ALT_XOPEN_SOCKET_API 1
| #define _NETBSD_SOURCE 1
| #define _OPENBSD_SOURCE 1
| #define _POSIX_PTHREAD_SEMANTICS 1
| #define __STDC_WANT_IEC_60559_ATTRIBS_EXT__ 1
| #define __STDC_WANT_IEC_60559_BFP_EXT__ 1
| #define __STDC_WANT_IEC_60559_DFP_EXT__ 1
| #define __STDC_WANT_IEC_60559_FUNCS_EXT__ 1
| #define __STDC_WANT_IEC_60559_TYPES_EXT__ 1
| #define __STDC_WANT_LIB_EXT2__ 1
| #define __STDC_WANT_MATH_SPEC_FUNCS__ 1
| #define _TANDEM_SOURCE 1
| #define __EXTENSIONS__ 1
| #define HAVE_DLFCN_H 1
| #define LT_OBJDIR ".libs/"
| /* end confdefs.h.  */
| #include <ac_nonexistent.h>
configure:15346: result: g++ -E
configure:15360: g++ -E  conftest.cpp
configure:15360: $? = 0
configure:15375: g++ -E  conftest.cpp
conftest.cpp:46:10: fatal error: ac_nonexistent.h: No such file or directory
   46 | #include <ac_nonexistent.h>
      |          ^~~~~~~~~~~~~~~~~~
compilation terminated.
configure:15375: $? = 1
configure: failed program was:
| /* confdefs.h */
| #define PACKAGE_NAME "gpgme"
| #define PACKAGE_TARNAME "gpgme"
| #define PACKAGE_VERSION "1.24.0-unknown"
| #define PACKAGE_STRING "gpgme 1.24.0-unknown"
| #define PACKAGE_BUGREPORT "https://bugs.gnupg.org"
| #define PACKAGE_URL ""
| #define PACKAGE "gpgme"
| #define VERSION "1.24.0-unknown"
| #define HAVE_STDIO_H 1
| #define HAVE_STDLIB_H 1
| #define HAVE_STRING_H 1
| #define HAVE_INTTYPES_H 1
| #define HAVE_STDINT_H 1
| #define HAVE_STRINGS_H 1
| #define HAVE_SYS_STAT_H 1
| #define HAVE_SYS_TYPES_H 1
| #define HAVE_UNISTD_H 1
| #define HAVE_WCHAR_H 1
| #define HAVE_LOCALE_H 1
| #define HAVE_SYS_SELECT_H 1
| #define HAVE_SYS_UIO_H 1
| #define HAVE_ARGP_H 1
| #define HAVE_POLL_H 1
| #define HAVE_SYS_TIME_H 1
| #define STDC_HEADERS 1
| #define _ALL_SOURCE 1
| #define _DARWIN_C_SOURCE 1
| #define _GNU_SOURCE 1
| #define _HPUX_ALT_XOPEN_SOCKET_API 1
| #define _NETBSD_SOURCE 1
| #define _OPENBSD_SOURCE 1
| #define _POSIX_PTHREAD_SEMANTICS 1
| #define __STDC_WANT_IEC_60559_ATTRIBS_EXT__ 1
| #define __STDC_WANT_IEC_60559_BFP_EXT__ 1
| #define __STDC_WANT_IEC_60559_DFP_EXT__ 1
| #define __STDC_WANT_IEC_60559_FUNCS_EXT__ 1
| #define __STDC_WANT_IEC_60559_TYPES_EXT__ 1
| #define __STDC_WANT_LIB_EXT2__ 1
| #define __STDC_WANT_MATH_SPEC_FUNCS__ 1
| #define _TANDEM_SOURCE 1
| #define __EXTENSIONS__ 1
| #define HAVE_DLFCN_H 1
| #define LT_OBJDIR ".libs/"
| /* end confdefs.h.  */
| #include <ac_nonexistent.h>
configure:15547: checking for ld used by g++
configure:15615: result: /usr/bin/ld -m elf_x86_64
configure:15622: checking if the linker (/usr/bin/ld -m elf_x86_64) is GNU ld
configure:15638: result: yes
configure:15693: checking whether the g++ linker (/usr/bin/ld -m elf_x86_64) supports shared libraries
configure:16702: result: yes
configure:16738: g++ -c -g -O2  conftest.cpp >&5
configure:16741: $? = 0
configure:17261: checking for g++ option to produce PIC
configure:17269: result: -fPIC -DPIC
configure:17277: checking if g++ PIC flag -fPIC -DPIC works
configure:17296: g++ -c -g -O2  -fPIC -DPIC -DPIC conftest.cpp >&5
configure:17300: $? = 0
configure:17313: result: yes
configure:17336: checking if g++ static flag -static works
configure:17365: result: yes
configure:17377: checking if g++ supports -c -o file.o
configure:17399: g++ -c -g -O2  -o out/conftest2.o conftest.cpp >&5
configure:17403: $? = 0
configure:17425: result: yes
configure:17430: checking if g++ supports -c -o file.o
configure:17478: result: yes
configure:17508: checking whether the g++ linker (/usr/bin/ld -m elf_x86_64) supports shared libraries
configure:17547: result: yes
configure:17689: checking dynamic linker characteristics
configure:18391: result: GNU/Linux ld.so
configure:18444: checking how to hardcode library paths into programs
configure:18469: result: immediate
configure:18578: checking for windres
configure:18613: result: no
configure:19235: checking whether C++ compiler accepts -mno-direct-extern-access
configure:19255: g++ -c -g -O2 -Werror -mno-direct-extern-access  conftest.cpp >&5
g++: error: unrecognized command-line option '-mno-direct-extern-access'
configure:19255: $? = 1
configure: failed program was:
| /* confdefs.h */
| #define PACKAGE_NAME "gpgme"
| #define PACKAGE_TARNAME "gpgme"
| #define PACKAGE_VERSION "1.24.0-unknown"
| #define PACKAGE_STRING "gpgme 1.24.0-unknown"
| #define PACKAGE_BUGREPORT "https://bugs.gnupg.org"
| #define PACKAGE_URL ""
| #define PACKAGE "gpgme"
| #define VERSION "1.24.0-unknown"
| #define HAVE_STDIO_H 1
| #define HAVE_STDLIB_H 1
| #define HAVE_STRING_H 1
| #define HAVE_INTTYPES_H 1
| #define HAVE_STDINT_H 1
| #define HAVE_STRINGS_H 1
| #define HAVE_SYS_STAT_H 1
| #define HAVE_SYS_TYPES_H 1
| #define HAVE_UNISTD_H 1
| #define HAVE_WCHAR_H 1
| #define HAVE_LOCALE_H 1
| #define HAVE_SYS_SELECT_H 1
| #define HAVE_SYS_UIO_H 1
| #define HAVE_ARGP_H 1
| #define HAVE_POLL_H 1
| #define HAVE_SYS_TIME_H 1
| #define STDC_HEADERS 1
| #define _ALL_SOURCE 1
| #define _DARWIN_C_SOURCE 1
| #define _GNU_SOURCE 1
| #define _HPUX_ALT_XOPEN_SOCKET_API 1
| #define _NETBSD_SOURCE 1
| #define _OPENBSD_SOURCE 1
| #define _POSIX_PTHREAD_SEMANTICS 1
| #define __STDC_WANT_IEC_60559_ATTRIBS_EXT__ 1
| #define __STDC_WANT_IEC_60559_BFP_EXT__ 1
| #define __STDC_WANT_IEC_60559_DFP_EXT__ 1
| #define __STDC_WANT_IEC_60559_FUNCS_EXT__ 1
| #define __STDC_WANT_IEC_60559_TYPES_EXT__ 1
| #define __STDC_WANT_LIB_EXT2__ 1
| #define __STDC_WANT_MATH_SPEC_FUNCS__ 1
| #define _TANDEM_SOURCE 1
| #define __EXTENSIONS__ 1
| #define HAVE_DLFCN_H 1
| #define LT_OBJDIR ".libs/"
| /* end confdefs.h.  */
| 
| int
| main (void)
| {
| 
|   ;
|   return 0;
| }
configure:19264: result: no
configure:19463: checking for pkg-config
configure:19486: found /usr/bin/pkg-config
configure:19498: result: /usr/bin/pkg-config
configure:19523: checking pkg-config is at least version 0.9.0
configure:19526: result: yes
configure:19546: checking for GPGME_QT5
configure:19554: $PKG_CONFIG --exists --print-errors "Qt5Core >= 5.0.0"
Package Qt5Core was not found in the pkg-config search path.
Perhaps you should add the directory containing `Qt5Core.pc'
to the PKG_CONFIG_PATH environment variable
No package 'Qt5Core' found
configure:19557: $? = 1
configure:19572: $PKG_CONFIG --exists --print-errors "Qt5Core >= 5.0.0"
Package Qt5Core was not found in the pkg-config search path.
Perhaps you should add the directory containing `Qt5Core.pc'
to the PKG_CONFIG_PATH environment variable
No package 'Qt5Core' found
configure:19575: $? = 1
No package 'Qt5Core' found
configure:19603: result: no
configure:19618: checking for GPGME_QT5TEST
configure:19626: $PKG_CONFIG --exists --print-errors "Qt5Test >= 5.0.0"
Package Qt5Test was not found in the pkg-config search path.
Perhaps you should add the directory containing `Qt5Test.pc'
to the PKG_CONFIG_PATH environment variable
No package 'Qt5Test' found
configure:19629: $? = 1
configure:19644: $PKG_CONFIG --exists --print-errors "Qt5Test >= 5.0.0"
Package Qt5Test was not found in the pkg-config search path.
Perhaps you should add the directory containing `Qt5Test.pc'
to the PKG_CONFIG_PATH environment variable
No package 'Qt5Test' found
configure:19647: $? = 1
No package 'Qt5Test' found
configure:19675: result: no
configure:20092: checking for GPGME_QT6
configure:20100: $PKG_CONFIG --exists --print-errors "Qt6Core >= 6.4.0"
Package Qt6Core was not found in the pkg-config search path.
Perhaps you should add the directory containing `Qt6Core.pc'
to the PKG_CONFIG_PATH environment variable
No package 'Qt6Core' found
configure:20103: $? = 1
configure:20118: $PKG_CONFIG --exists --print-errors "Qt6Core >= 6.4.0"
Package Qt6Core was not found in the pkg-config search path.
Perhaps you should add the directory containing `Qt6Core.pc'
to the PKG_CONFIG_PATH environment variable
No package 'Qt6Core' found
configure:20121: $? = 1
No package 'Qt6Core' found
configure:20149: result: no
configure:20164: checking for GPGME_QT6TEST
configure:20172: $PKG_CONFIG --exists --print-errors "Qt6Test >= 6.4.0"
Package Qt6Test was not found in the pkg-config search path.
Perhaps you should add the directory containing `Qt6Test.pc'
to the PKG_CONFIG_PATH environment variable
No package 'Qt6Test' found
configure:20175: $? = 1
configure:20190: $PKG_CONFIG --exists --print-errors "Qt6Test >= 6.4.0"
Package Qt6Test was not found in the pkg-config search path.
Perhaps you should add the directory containing `Qt6Test.pc'
to the PKG_CONFIG_PATH environment variable
No package 'Qt6Test' found
configure:20193: $? = 1
No package 'Qt6Test' found
configure:20221: result: no
configure:21396: checking whether g++ supports C++11 features with -std=c++11
configure:21699: g++ -std=c++11 -c -g -O2  conftest.cpp >&5
configure:21699: $? = 0
configure:21709: result: yes
configure:21790: checking for __attribute__((visibility))
configure:21815: gcc -o conftest -g -O2   conftest.c  >&5
configure:21815: $? = 0
configure:21830: result: yes
configure:22013: checking for swig
configure:22051: result: no
configure:22013: checking for swig2.0
configure:22051: result: no
configure:29807: checking for inline
configure:29824: gcc -c -g -O2  conftest.c >&5
configure:29824: $? = 0
configure:29833: result: inline
configure:29852: checking for flexible array members
configure:29876: gcc -c -g -O2  conftest.c >&5
configure:29876: $? = 0
configure:29884: result: yes
configure:29899: checking size of unsigned int
configure:29905: gcc -o conftest -g -O2   conftest.c  >&5
configure:29905: $? = 0
configure:29905: ./conftest
configure:29905: $? = 0
configure:29920: result: 4
configure:29936: checking for special C compiler options needed for large files
configure:29984: result: no
configure:29990: checking for _FILE_OFFSET_BITS value needed for large files
configure:30016: gcc -c -g -O2  conftest.c >&5
configure:30016: $? = 0
configure:30050: result: no
configure:30132: checking for off_t
configure:30132: gcc -c -g -O2  conftest.c >&5
configure:30132: $? = 0
configure:30132: gcc -c -g -O2  conftest.c >&5
conftest.c: In function 'main':
conftest.c:84:20: error: expected expression before ')' token
   84 | if (sizeof ((off_t)))
      |                    ^
configure:30132: $? = 1
configure: failed program was:
| /* confdefs.h */
| #define PACKAGE_NAME "gpgme"
| #define PACKAGE_TARNAME "gpgme"
| #define PACKAGE_VERSION "1.24.0-unknown"
| #define PACKAGE_STRING "gpgme 1.24.0-unknown"
| #define PACKAGE_BUGREPORT "https://bugs.gnupg.org"
| #define PACKAGE_URL ""
| #define PACKAGE "gpgme"
| #define VERSION "1.24.0-unknown"
| #define HAVE_STDIO_H 1
| #define HAVE_STDLIB_H 1
| #define HAVE_STRING_H 1
| #define HAVE_INTTYPES_H 1
| #define HAVE_STDINT_H 1
| #define HAVE_STRINGS_H 1
| #define HAVE_SYS_STAT_H 1
| #define HAVE_SYS_TYPES_H 1
| #define HAVE_UNISTD_H 1
| #define HAVE_WCHAR_H 1
| #define HAVE_LOCALE_H 1
| #define HAVE_SYS_SELECT_H 1
| #define HAVE_SYS_UIO_H 1
| #define HAVE_ARGP_H 1
| #define HAVE_POLL_H 1
| #define HAVE_SYS_TIME_H 1
| #define STDC_HEADERS 1
| #define _ALL_SOURCE 1
| #define _DARWIN_C_SOURCE 1
| #define _GNU_SOURCE 1
| #define _HPUX_ALT_XOPEN_SOCKET_API 1
| #define _NETBSD_SOURCE 1
| #define _OPENBSD_SOURCE 1
| #define _POSIX_PTHREAD_SEMANTICS 1
| #define __STDC_WANT_IEC_60559_ATTRIBS_EXT__ 1
| #define __STDC_WANT_IEC_60559_BFP_EXT__ 1
| #define __STDC_WANT_IEC_60559_DFP_EXT__ 1
| #define __STDC_WANT_IEC_60559_FUNCS_EXT__ 1
| #define __STDC_WANT_IEC_60559_TYPES_EXT__ 1
| #define __STDC_WANT_LIB_EXT2__ 1
| #define __STDC_WANT_MATH_SPEC_FUNCS__ 1
| #define _TANDEM_SOURCE 1
| #define __EXTENSIONS__ 1
| #define HAVE_DLFCN_H 1
| #define LT_OBJDIR ".libs/"
| #define HAVE_CXX11 1
| #define HAVE_FUNC_ATTRIBUTE_VISIBILITY 1
| #define BUILD_REVISION "0000000"
| #define BUILD_COMMITID "0000000"
| #define BUILD_TIMESTAMP "<none>"
| #define FLEXIBLE_ARRAY_MEMBER /**/
| #define SIZEOF_UNSIGNED_INT 4
| /* end confdefs.h.  */
| #include <stddef.h>
| #ifdef HAVE_STDIO_H
| # include <stdio.h>
| #endif
| #ifdef HAVE_STDLIB_H
| # include <stdlib.h>
| #endif
| #ifdef HAVE_STRING_H
| # include <string.h>
| #endif
| #ifdef HAVE_INTTYPES_H
| # include <inttypes.h>
| #endif
| #ifdef HAVE_STDINT_H
| # include <stdint.h>
| #endif
| #ifdef HAVE_STRINGS_H
| # include <strings.h>
| #endif
| #ifdef HAVE_SYS_TYPES_H
| # include <sys/types.h>
| #endif
| #ifdef HAVE_SYS_STAT_H
| # include <sys/stat.h>
| #endif
| #ifdef HAVE_UNISTD_H
| # include <unistd.h>
| #endif
| int
| main (void)
| {
| if (sizeof ((off_t)))
| 	    return 0;
|   ;
|   return 0;
| }
configure:30132: result: yes
configure:30143: checking for uintptr_t
configure:30143: gcc -c -g -O2  conftest.c >&5
configure:30143: $? = 0
configure:30143: gcc -c -g -O2  conftest.c >&5
conftest.c: In function 'main':
conftest.c:84:24: error: expected expression before ')' token
   84 | if (sizeof ((uintptr_t)))
      |                        ^
configure:30143: $? = 1
configure: failed program was:
| /* confdefs.h */
| #define PACKAGE_NAME "gpgme"
| #define PACKAGE_TARNAME "gpgme"
| #define PACKAGE_VERSION "1.24.0-unknown"
| #define PACKAGE_STRING "gpgme 1.24.0-unknown"
| #define PACKAGE_BUGREPORT "https://bugs.gnupg.org"
| #define PACKAGE_URL ""
| #define PACKAGE "gpgme"
| #define VERSION "1.24.0-unknown"
| #define HAVE_STDIO_H 1
| #define HAVE_STDLIB_H 1
| #define HAVE_STRING_H 1
| #define HAVE_INTTYPES_H 1
| #define HAVE_STDINT_H 1
| #define HAVE_STRINGS_H 1
| #define HAVE_SYS_STAT_H 1
| #define HAVE_SYS_TYPES_H 1
| #define HAVE_UNISTD_H 1
| #define HAVE_WCHAR_H 1
| #define HAVE_LOCALE_H 1
| #define HAVE_SYS_SELECT_H 1
| #define HAVE_SYS_UIO_H 1
| #define HAVE_ARGP_H 1
| #define HAVE_POLL_H 1
| #define HAVE_SYS_TIME_H 1
| #define STDC_HEADERS 1
| #define _ALL_SOURCE 1
| #define _DARWIN_C_SOURCE 1
| #define _GNU_SOURCE 1
| #define _HPUX_ALT_XOPEN_SOCKET_API 1
| #define _NETBSD_SOURCE 1
| #define _OPENBSD_SOURCE 1
| #define _POSIX_PTHREAD_SEMANTICS 1
| #define __STDC_WANT_IEC_60559_ATTRIBS_EXT__ 1
| #define __STDC_WANT_IEC_60559_BFP_EXT__ 1
| #define __STDC_WANT_IEC_60559_DFP_EXT__ 1
| #define __STDC_WANT_IEC_60559_FUNCS_EXT__ 1
| #define __STDC_WANT_IEC_60559_TYPES_EXT__ 1
| #define __STDC_WANT_LIB_EXT2__ 1
| #define __STDC_WANT_MATH_SPEC_FUNCS__ 1
| #define _TANDEM_SOURCE 1
| #define __EXTENSIONS__ 1
| #define HAVE_DLFCN_H 1
| #define LT_OBJDIR ".libs/"
| #define HAVE_CXX11 1
| #define HAVE_FUNC_ATTRIBUTE_VISIBILITY 1
| #define BUILD_REVISION "0000000"
| #define BUILD_COMMITID "0000000"
| #define BUILD_TIMESTAMP "<none>"
| #define FLEXIBLE_ARRAY_MEMBER /**/
| #define SIZEOF_UNSIGNED_INT 4
| /* end confdefs.h.  */
| #include <stddef.h>
| #ifdef HAVE_STDIO_H
| # include <stdio.h>
| #endif
| #ifdef HAVE_STDLIB_H
| # include <stdlib.h>
| #endif
| #ifdef HAVE_STRING_H
| # include <string.h>
| #endif
| #ifdef HAVE_INTTYPES_H
| # include <inttypes.h>
| #endif
| #ifdef HAVE_STDINT_H
| # include <stdint.h>
| #endif
| #ifdef HAVE_STRINGS_H
| # include <strings.h>
| #endif
| #ifdef HAVE_SYS_TYPES_H
| # include <sys/types.h>
| #endif
| #ifdef HAVE_SYS_STAT_H
| # include <sys/stat.h>
| #endif
| #ifdef HAVE_UNISTD_H
| # include <unistd.h>
| #endif
| int
| main (void)
| {
| if (sizeof ((uintptr_t)))
| 	    return 0;
|   ;
|   return 0;
| }
configure:30143: result: yes
configure:30237: checking if gcc supports -Wno-missing-field-initializers
configure:30252: gcc -c -Wno-missing-field-initializers  conftest.c >&5
configure:30252: $? = 0
configure:30259: result: yes
configure:30278: checking if gcc supports -Wpointer-arith
configure:30293: gcc -c -Wpointer-arith  conftest.c >&5
configure:30293: $? = 0
configure:30300: result: yes
configure:30315: checking for __thread
configure:30332: gcc -c -g -O2 -Wall -Wcast-align -Wshadow -Wstrict-prototypes -Wno-format-y2k -Wno-missing-field-initializers -Wno-sign-compare -Wno-format-zero-length -Wno-format-truncation -Wno-sizeof-pointer-div -W -Wextra -Wbad-function-cast -Wwrite-strings -Wdeclaration-after-statement -Wformat -Wformat-security -Wpointer-arith  conftest.c >&5
configure:30332: $? = 0
configure:30340: result: yes
configure:30350: checking for libraries
configure:30353: checking for _LARGEFILE_SOURCE value needed for large files
configure:30373: gcc -o conftest -g -O2 -Wall -Wcast-align -Wshadow -Wstrict-prototypes -Wno-format-y2k -Wno-missing-field-initializers -Wno-sign-compare -Wno-format-zero-length -Wno-format-truncation -Wno-sizeof-pointer-div -W -Wextra -Wbad-function-cast -Wwrite-strings -Wdeclaration-after-statement -Wformat -Wformat-security -Wpointer-arith   conftest.c  >&5
configure:30373: $? = 0
configure:30403: result: no
configure:30424: checking for gcc options needed to detect all undeclared functions
configure:30446: gcc -c -g -O2 -Wall -Wcast-align -Wshadow -Wstrict-prototypes -Wno-format-y2k -Wno-missing-field-initializers -Wno-sign-compare -Wno-format-zero-length -Wno-format-truncation -Wno-sizeof-pointer-div -W -Wextra -Wbad-function-cast -Wwrite-strings -Wdeclaration-after-statement -Wformat -Wformat-security -Wpointer-arith   conftest.c >&5
conftest.c: In function 'main':
conftest.c:60:8: error: 'strchr' undeclared (first use in this function)
   60 | (void) strchr;
      |        ^~~~~~
conftest.c:1:1: note: 'strchr' is defined in header '<string.h>'; did you forget to '#include <string.h>'?
    1 | /* confdefs.h */
conftest.c:60:8: note: each undeclared identifier is reported only once for each function it appears in
   60 | (void) strchr;
      |        ^~~~~~
configure:30446: $? = 1
configure: failed program was:
| /* confdefs.h */
| #define PACKAGE_NAME "gpgme"
| #define PACKAGE_TARNAME "gpgme"
| #define PACKAGE_VERSION "1.24.0-unknown"
| #define PACKAGE_STRING "gpgme 1.24.0-unknown"
| #define PACKAGE_BUGREPORT "https://bugs.gnupg.org"
| #define PACKAGE_URL ""
| #define PACKAGE "gpgme"
| #define VERSION "1.24.0-unknown"
| #define HAVE_STDIO_H 1
| #define HAVE_STDLIB_H 1
| #define HAVE_STRING_H 1
| #define HAVE_INTTYPES_H 1
| #define HAVE_STDINT_H 1
| #define HAVE_STRINGS_H 1
| #define HAVE_SYS_STAT_H 1
| #define HAVE_SYS_TYPES_H 1
| #define HAVE_UNISTD_H 1
| #define HAVE_WCHAR_H 1
| #define HAVE_LOCALE_H 1
| #define HAVE_SYS_SELECT_H 1
| #define HAVE_SYS_UIO_H 1
| #define HAVE_ARGP_H 1
| #define HAVE_POLL_H 1
| #define HAVE_SYS_TIME_H 1
| #define STDC_HEADERS 1
| #define _ALL_SOURCE 1
| #define _DARWIN_C_SOURCE 1
| #define _GNU_SOURCE 1
| #define _HPUX_ALT_XOPEN_SOCKET_API 1
| #define _NETBSD_SOURCE 1
| #define _OPENBSD_SOURCE 1
| #define _POSIX_PTHREAD_SEMANTICS 1
| #define __STDC_WANT_IEC_60559_ATTRIBS_EXT__ 1
| #define __STDC_WANT_IEC_60559_BFP_EXT__ 1
| #define __STDC_WANT_IEC_60559_DFP_EXT__ 1
| #define __STDC_WANT_IEC_60559_FUNCS_EXT__ 1
| #define __STDC_WANT_IEC_60559_TYPES_EXT__ 1
| #define __STDC_WANT_LIB_EXT2__ 1
| #define __STDC_WANT_MATH_SPEC_FUNCS__ 1
| #define _TANDEM_SOURCE 1
| #define __EXTENSIONS__ 1
| #define HAVE_DLFCN_H 1
| #define LT_OBJDIR ".libs/"
| #define HAVE_CXX11 1
| #define HAVE_FUNC_ATTRIBUTE_VISIBILITY 1
| #define BUILD_REVISION "0000000"
| #define BUILD_COMMITID "0000000"
| #define BUILD_TIMESTAMP "<none>"
| #define FLEXIBLE_ARRAY_MEMBER /**/
| #define SIZEOF_UNSIGNED_INT 4
| #define HAVE_UINTPTR_T 1
| #define HAVE_TLS 1
| #define HAVE_FSEEKO 1
| /* end confdefs.h.  */
| 
| int
| main (void)
| {
| (void) strchr;
|   ;
|   return 0;
| }
configure:30473: gcc -c -g -O2 -Wall -Wcast-align -Wshadow -Wstrict-prototypes -Wno-format-y2k -Wno-missing-field-initializers -Wno-sign-compare -Wno-format-zero-length -Wno-format-truncation -Wno-sizeof-pointer-div -W -Wextra -Wbad-function-cast -Wwrite-strings -Wdeclaration-after-statement -Wformat -Wformat-security -Wpointer-arith   conftest.c >&5
configure:30473: $? = 0
configure:30490: result: none needed
configure:30504: checking whether ttyname_r is declared
configure:30504: gcc -c -g -O2 -Wall -Wcast-align -Wshadow -Wstrict-prototypes -Wno-format-y2k -Wno-missing-field-initializers -Wno-sign-compare -Wno-format-zero-length -Wno-format-truncation -Wno-sizeof-pointer-div -W -Wextra -Wbad-function-cast -Wwrite-strings -Wdeclaration-after-statement -Wformat -Wformat-security -Wpointer-arith   conftest.c >&5
configure:30504: $? = 0
configure:30504: result: yes
configure:30514: checking for unistd.h
configure:30514: result: yes
configure:30527: checking for ttyname_r
configure:30527: gcc -o conftest -g -O2 -Wall -Wcast-align -Wshadow -Wstrict-prototypes -Wno-format-y2k -Wno-missing-field-initializers -Wno-sign-compare -Wno-format-zero-length -Wno-format-truncation -Wno-sizeof-pointer-div -W -Wextra -Wbad-function-cast -Wwrite-strings -Wdeclaration-after-statement -Wformat -Wformat-security -Wpointer-arith   conftest.c  >&5
conftest.c:74:1: warning: function declaration isn't a prototype [-Wstrict-prototypes]
   74 | char ttyname_r ();
      | ^~~~
configure:30527: $? = 0
configure:30527: result: yes
configure:30547: checking whether ttyname_r is compatible with its POSIX signature
configure:30566: gcc -c -g -O2 -Wall -Wcast-align -Wshadow -Wstrict-prototypes -Wno-format-y2k -Wno-missing-field-initializers -Wno-sign-compare -Wno-format-zero-length -Wno-format-truncation -Wno-sizeof-pointer-div -W -Wextra -Wbad-function-cast -Wwrite-strings -Wdeclaration-after-statement -Wformat -Wformat-security -Wpointer-arith  conftest.c >&5
conftest.c: In function 'main':
conftest.c:64:2: warning: argument 2 null where non-null expected [-Wnonnull]
   64 | *ttyname_r (0, NULL, 0);
      |  ^~~~~~~~~
In file included from /usr/include/features.h:486,
                 from /usr/include/unistd.h:25,
                 from conftest.c:60:
/usr/include/x86_64-linux-gnu/bits/unistd.h:240:1: note: in a call to function 'ttyname_r' declared 'nonnull'
  240 | __NTH (ttyname_r (int __fd, char *__buf, size_t __buflen))
      | ^~~~~
conftest.c:64:1: error: invalid type argument of unary '*' (have 'int')
   64 | *ttyname_r (0, NULL, 0);
      | ^~~~~~~~~~~~~~~~~~~~~~~
configure:30566: $? = 1
configure: failed program was:
| /* confdefs.h */
| #define PACKAGE_NAME "gpgme"
| #define PACKAGE_TARNAME "gpgme"
| #define PACKAGE_VERSION "1.24.0-unknown"
| #define PACKAGE_STRING "gpgme 1.24.0-unknown"
| #define PACKAGE_BUGREPORT "https://bugs.gnupg.org"
| #define PACKAGE_URL ""
| #define PACKAGE "gpgme"
| #define VERSION "1.24.0-unknown"
| #define HAVE_STDIO_H 1
| #define HAVE_STDLIB_H 1
| #define HAVE_STRING_H 1
| #define HAVE_INTTYPES_H 1
| #define HAVE_STDINT_H 1
| #define HAVE_STRINGS_H 1
| #define HAVE_SYS_STAT_H 1
| #define HAVE_SYS_TYPES_H 1
| #define HAVE_UNISTD_H 1
| #define HAVE_WCHAR_H 1
| #define HAVE_LOCALE_H 1
| #define HAVE_SYS_SELECT_H 1
| #define HAVE_SYS_UIO_H 1
| #define HAVE_ARGP_H 1
| #define HAVE_POLL_H 1
| #define HAVE_SYS_TIME_H 1
| #define STDC_HEADERS 1
| #define _ALL_SOURCE 1
| #define _DARWIN_C_SOURCE 1
| #define _GNU_SOURCE 1
| #define _HPUX_ALT_XOPEN_SOCKET_API 1
| #define _NETBSD_SOURCE 1
| #define _OPENBSD_SOURCE 1
| #define _POSIX_PTHREAD_SEMANTICS 1
| #define __STDC_WANT_IEC_60559_ATTRIBS_EXT__ 1
| #define __STDC_WANT_IEC_60559_BFP_EXT__ 1
| #define __STDC_WANT_IEC_60559_DFP_EXT__ 1
| #define __STDC_WANT_IEC_60559_FUNCS_EXT__ 1
| #define __STDC_WANT_IEC_60559_TYPES_EXT__ 1
| #define __STDC_WANT_LIB_EXT2__ 1
| #define __STDC_WANT_MATH_SPEC_FUNCS__ 1
| #define _TANDEM_SOURCE 1
| #define __EXTENSIONS__ 1
| #define HAVE_DLFCN_H 1
| #define LT_OBJDIR ".libs/"
| #define HAVE_CXX11 1
| #define HAVE_FUNC_ATTRIBUTE_VISIBILITY 1
| #define BUILD_REVISION "0000000"
| #define BUILD_COMMITID "0000000"
| #define BUILD_TIMESTAMP "<none>"
| #define FLEXIBLE_ARRAY_MEMBER /**/
| #define SIZEOF_UNSIGNED_INT 4
| #define HAVE_UINTPTR_T 1
| #define HAVE_TLS 1
| #define HAVE_FSEEKO 1
| #define HAVE_DECL_TTYNAME_R 1
| #define HAVE_UNISTD_H 1
| #define HAVE_TTYNAME_R 1
| /* end confdefs.h.  */
| #include <stddef.h>
|               #include <unistd.h>
| int
| main (void)
| {
| *ttyname_r (0, NULL, 0);
|   ;
|   return 0;
| }
| 
configure:30575: result: yes
configure:30603: checking whether ttyname_r works with small buffers
configure:30644: gcc -o conftest -g -O2 -Wall -Wcast-align -Wshadow -Wstrict-prototypes -Wno-format-y2k -Wno-missing-field-initializers -Wno-sign-compare -Wno-format-zero-length -Wno-format-truncation -Wno-sizeof-pointer-div -W -Wextra -Wbad-function-cast -Wwrite-strings -Wdeclaration-after-statement -Wformat -Wformat-security -Wpointer-arith   conftest.c  >&5
configure:30644: $? = 0
configure:30644: ./conftest
configure:30644: $? = 0
configure:30658: result: yes
configure:30693: checking whether we are using the GNU C Library 2.1 or newer
configure:30722: result: yes
configure:30740: checking for getenv_r
configure:30740: gcc -o conftest -g -O2 -Wall -Wcast-align -Wshadow -Wstrict-prototypes -Wno-format-y2k -Wno-missing-field-initializers -Wno-sign-compare -Wno-format-zero-length -Wno-format-truncation -Wno-sizeof-pointer-div -W -Wextra -Wbad-function-cast -Wwrite-strings -Wdeclaration-after-statement -Wformat -Wformat-security -Wpointer-arith   conftest.c  >&5
conftest.c:77:1: warning: function declaration isn't a prototype [-Wstrict-prototypes]
   77 | char getenv_r ();
      | ^~~~
/usr/bin/ld: /tmp/ccRBlSXA.o: in function `main':
/home/henry/QuicKeys/gpgme-1.24.0/build/conftest.c:88: undefined reference to `getenv_r'
collect2: error: ld returned 1 exit status
configure:30740: $? = 1
configure: failed program was:
| /* confdefs.h */
| #define PACKAGE_NAME "gpgme"
| #define PACKAGE_TARNAME "gpgme"
| #define PACKAGE_VERSION "1.24.0-unknown"
| #define PACKAGE_STRING "gpgme 1.24.0-unknown"
| #define PACKAGE_BUGREPORT "https://bugs.gnupg.org"
| #define PACKAGE_URL ""
| #define PACKAGE "gpgme"
| #define VERSION "1.24.0-unknown"
| #define HAVE_STDIO_H 1
| #define HAVE_STDLIB_H 1
| #define HAVE_STRING_H 1
| #define HAVE_INTTYPES_H 1
| #define HAVE_STDINT_H 1
| #define HAVE_STRINGS_H 1
| #define HAVE_SYS_STAT_H 1
| #define HAVE_SYS_TYPES_H 1
| #define HAVE_UNISTD_H 1
| #define HAVE_WCHAR_H 1
| #define HAVE_LOCALE_H 1
| #define HAVE_SYS_SELECT_H 1
| #define HAVE_SYS_UIO_H 1
| #define HAVE_ARGP_H 1
| #define HAVE_POLL_H 1
| #define HAVE_SYS_TIME_H 1
| #define STDC_HEADERS 1
| #define _ALL_SOURCE 1
| #define _DARWIN_C_SOURCE 1
| #define _GNU_SOURCE 1
| #define _HPUX_ALT_XOPEN_SOCKET_API 1
| #define _NETBSD_SOURCE 1
| #define _OPENBSD_SOURCE 1
| #define _POSIX_PTHREAD_SEMANTICS 1
| #define __STDC_WANT_IEC_60559_ATTRIBS_EXT__ 1
| #define __STDC_WANT_IEC_60559_BFP_EXT__ 1
| #define __STDC_WANT_IEC_60559_DFP_EXT__ 1
| #define __STDC_WANT_IEC_60559_FUNCS_EXT__ 1
| #define __STDC_WANT_IEC_60559_TYPES_EXT__ 1
| #define __STDC_WANT_LIB_EXT2__ 1
| #define __STDC_WANT_MATH_SPEC_FUNCS__ 1
| #define _TANDEM_SOURCE 1
| #define __EXTENSIONS__ 1
| #define HAVE_DLFCN_H 1
| #define LT_OBJDIR ".libs/"
| #define HAVE_CXX11 1
| #define HAVE_FUNC_ATTRIBUTE_VISIBILITY 1
| #define BUILD_REVISION "0000000"
| #define BUILD_COMMITID "0000000"
| #define BUILD_TIMESTAMP "<none>"
| #define FLEXIBLE_ARRAY_MEMBER /**/
| #define SIZEOF_UNSIGNED_INT 4
| #define HAVE_UINTPTR_T 1
| #define HAVE_TLS 1
| #define HAVE_FSEEKO 1
| #define HAVE_DECL_TTYNAME_R 1
| #define HAVE_UNISTD_H 1
| #define HAVE_TTYNAME_R 1
| #define HAVE_POSIXDECL_TTYNAME_R 1
| #define HAVE_THREAD_SAFE_GETENV 1
| /* end confdefs.h.  */
| /* Define getenv_r to an innocuous variant, in case <limits.h> declares getenv_r.
|    For example, HP-UX 11i <limits.h> declares gettimeofday.  */
| #define getenv_r innocuous_getenv_r
| 
| /* System header to define __stub macros and hopefully few prototypes,
|    which can conflict with char getenv_r (); below.  */
| 
| #include <limits.h>
| #undef getenv_r
| 
| /* Override any GCC internal prototype to avoid an error.
|    Use char because int might match the return type of a GCC
|    builtin and then its argument prototype would still apply.  */
| #ifdef __cplusplus
| extern "C"
| #endif
| char getenv_r ();
| /* The GNU C library defines this for functions which it implements
|     to always fail with ENOSYS.  Some functions are actually named
|     something starting with __ and the normal name is an alias.  */
| #if defined __stub_getenv_r || defined __stub___getenv_r
| choke me
| #endif
| 
| int
| main (void)
| {
| return getenv_r ();
|   ;
|   return 0;
| }
configure:30740: result: no
configure:30761: checking for timegm
configure:30761: gcc -o conftest -g -O2 -Wall -Wcast-align -Wshadow -Wstrict-prototypes -Wno-format-y2k -Wno-missing-field-initializers -Wno-sign-compare -Wno-format-zero-length -Wno-format-truncation -Wno-sizeof-pointer-div -W -Wextra -Wbad-function-cast -Wwrite-strings -Wdeclaration-after-statement -Wformat -Wformat-security -Wpointer-arith   conftest.c  >&5
conftest.c:77:1: warning: function declaration isn't a prototype [-Wstrict-prototypes]
   77 | char timegm ();
      | ^~~~
configure:30761: $? = 0
configure:30761: result: yes
configure:30781: checking for setlocale
configure:30781: gcc -o conftest -g -O2 -Wall -Wcast-align -Wshadow -Wstrict-prototypes -Wno-format-y2k -Wno-missing-field-initializers -Wno-sign-compare -Wno-format-zero-length -Wno-format-truncation -Wno-sizeof-pointer-div -W -Wextra -Wbad-function-cast -Wwrite-strings -Wdeclaration-after-statement -Wformat -Wformat-security -Wpointer-arith   conftest.c  >&5
conftest.c:78:1: warning: function declaration isn't a prototype [-Wstrict-prototypes]
   78 | char setlocale ();
      | ^~~~
configure:30781: $? = 0
configure:30781: result: yes
configure:30830: checking for gpg-error-config
configure:30853: found /usr/bin/gpg-error-config
configure:30866: result: /usr/bin/gpg-error-config
configure:30877: checking for gpgrt-config
configure:30901: found /usr/local/bin/gpgrt-config
configure:30914: result: /usr/local/bin/gpgrt-config
configure:31001: Use gpgrt-config with /usr/local/lib as gpg-error-config
configure:31031: checking for GPG Error - version >= 1.47
configure:31045: result: yes (1.50-unknown)
configure:31131: checking for libassuan-config
configure:31154: found /usr/bin/libassuan-config
configure:31167: result: /usr/bin/libassuan-config
configure:31186: checking for LIBASSUAN - version >= 2.4.2
configure:31227: result: yes (2.5.5)
configure:31245: checking LIBASSUAN API version
configure:31248: result: okay
configure:31316: checking for getgid
configure:31316: gcc -o conftest -g -O2 -Wall -Wcast-align -Wshadow -Wstrict-prototypes -Wno-format-y2k -Wno-missing-field-initializers -Wno-sign-compare -Wno-format-zero-length -Wno-format-truncation -Wno-sizeof-pointer-div -W -Wextra -Wbad-function-cast -Wwrite-strings -Wdeclaration-after-statement -Wformat -Wformat-security -Wpointer-arith   conftest.c  >&5
conftest.c:82:1: warning: function declaration isn't a prototype [-Wstrict-prototypes]
   82 | char getgid ();
      | ^~~~
configure:31316: $? = 0
configure:31316: result: yes
configure:31322: checking for getegid
configure:31322: gcc -o conftest -g -O2 -Wall -Wcast-align -Wshadow -Wstrict-prototypes -Wno-format-y2k -Wno-missing-field-initializers -Wno-sign-compare -Wno-format-zero-length -Wno-format-truncation -Wno-sizeof-pointer-div -W -Wextra -Wbad-function-cast -Wwrite-strings -Wdeclaration-after-statement -Wformat -Wformat-security -Wpointer-arith   conftest.c  >&5
conftest.c:83:1: warning: function declaration isn't a prototype [-Wstrict-prototypes]
   83 | char getegid ();
      | ^~~~
configure:31322: $? = 0
configure:31322: result: yes
configure:31328: checking for closefrom
configure:31328: gcc -o conftest -g -O2 -Wall -Wcast-align -Wshadow -Wstrict-prototypes -Wno-format-y2k -Wno-missing-field-initializers -Wno-sign-compare -Wno-format-zero-length -Wno-format-truncation -Wno-sizeof-pointer-div -W -Wextra -Wbad-function-cast -Wwrite-strings -Wdeclaration-after-statement -Wformat -Wformat-security -Wpointer-arith   conftest.c  >&5
conftest.c:84:1: warning: function declaration isn't a prototype [-Wstrict-prototypes]
   84 | char closefrom ();
      | ^~~~
configure:31328: $? = 0
configure:31328: result: yes
configure:31334: checking for nanosleep
configure:31334: gcc -o conftest -g -O2 -Wall -Wcast-align -Wshadow -Wstrict-prototypes -Wno-format-y2k -Wno-missing-field-initializers -Wno-sign-compare -Wno-format-zero-length -Wno-format-truncation -Wno-sizeof-pointer-div -W -Wextra -Wbad-function-cast -Wwrite-strings -Wdeclaration-after-statement -Wformat -Wformat-security -Wpointer-arith   conftest.c  >&5
conftest.c:85:1: warning: function declaration isn't a prototype [-Wstrict-prototypes]
   85 | char nanosleep ();
      | ^~~~
configure:31334: $? = 0
configure:31334: result: yes
configure:31344: checking for stpcpy
configure:31344: gcc -o conftest -g -O2 -Wall -Wcast-align -Wshadow -Wstrict-prototypes -Wno-format-y2k -Wno-missing-field-initializers -Wno-sign-compare -Wno-format-zero-length -Wno-format-truncation -Wno-sizeof-pointer-div -W -Wextra -Wbad-function-cast -Wwrite-strings -Wdeclaration-after-statement -Wformat -Wformat-security -Wpointer-arith   conftest.c  >&5
conftest.c:86:1: warning: function declaration isn't a prototype [-Wstrict-prototypes]
   86 | char stpcpy ();
      | ^~~~
conftest.c:86:6: warning: conflicting types for built-in function 'stpcpy'; expected 'char *(char *, const char *)' [-Wbuiltin-declaration-mismatch]
   86 | char stpcpy ();
      |      ^~~~~~
configure:31344: $? = 0
configure:31344: result: yes
configure:31358: checking for setenv
configure:31358: gcc -o conftest -g -O2 -Wall -Wcast-align -Wshadow -Wstrict-prototypes -Wno-format-y2k -Wno-missing-field-initializers -Wno-sign-compare -Wno-format-zero-length -Wno-format-truncation -Wno-sizeof-pointer-div -W -Wextra -Wbad-function-cast -Wwrite-strings -Wdeclaration-after-statement -Wformat -Wformat-security -Wpointer-arith   conftest.c  >&5
conftest.c:87:1: warning: function declaration isn't a prototype [-Wstrict-prototypes]
   87 | char setenv ();
      | ^~~~
configure:31358: $? = 0
configure:31358: result: yes
configure:31374: checking for struct cmsghdr.cmsg_len
configure:31374: gcc -c -g -O2 -Wall -Wcast-align -Wshadow -Wstrict-prototypes -Wno-format-y2k -Wno-missing-field-initializers -Wno-sign-compare -Wno-format-zero-length -Wno-format-truncation -Wno-sizeof-pointer-div -W -Wextra -Wbad-function-cast -Wwrite-strings -Wdeclaration-after-statement -Wformat -Wformat-security -Wpointer-arith  conftest.c >&5
configure:31374: $? = 0
configure:31374: result: yes
configure:31556: checking for error_t
configure:31556: gcc -c -g -O2 -Wall -Wcast-align -Wshadow -Wstrict-prototypes -Wno-format-y2k -Wno-missing-field-initializers -Wno-sign-compare -Wno-format-zero-length -Wno-format-truncation -Wno-sizeof-pointer-div -W -Wextra -Wbad-function-cast -Wwrite-strings -Wdeclaration-after-statement -Wformat -Wformat-security -Wpointer-arith  conftest.c >&5
configure:31556: $? = 0
configure:31556: gcc -c -g -O2 -Wall -Wcast-align -Wshadow -Wstrict-prototypes -Wno-format-y2k -Wno-missing-field-initializers -Wno-sign-compare -Wno-format-zero-length -Wno-format-truncation -Wno-sizeof-pointer-div -W -Wextra -Wbad-function-cast -Wwrite-strings -Wdeclaration-after-statement -Wformat -Wformat-security -Wpointer-arith  conftest.c >&5
conftest.c: In function 'main':
conftest.c:80:22: error: expected expression before ')' token
   80 | if (sizeof ((error_t)))
      |                      ^
configure:31556: $? = 1
configure: failed program was:
| /* confdefs.h */
| #define PACKAGE_NAME "gpgme"
| #define PACKAGE_TARNAME "gpgme"
| #define PACKAGE_VERSION "1.24.0-unknown"
| #define PACKAGE_STRING "gpgme 1.24.0-unknown"
| #define PACKAGE_BUGREPORT "https://bugs.gnupg.org"
| #define PACKAGE_URL ""
| #define PACKAGE "gpgme"
| #define VERSION "1.24.0-unknown"
| #define HAVE_STDIO_H 1
| #define HAVE_STDLIB_H 1
| #define HAVE_STRING_H 1
| #define HAVE_INTTYPES_H 1
| #define HAVE_STDINT_H 1
| #define HAVE_STRINGS_H 1
| #define HAVE_SYS_STAT_H 1
| #define HAVE_SYS_TYPES_H 1
| #define HAVE_UNISTD_H 1
| #define HAVE_WCHAR_H 1
| #define HAVE_LOCALE_H 1
| #define HAVE_SYS_SELECT_H 1
| #define HAVE_SYS_UIO_H 1
| #define HAVE_ARGP_H 1
| #define HAVE_POLL_H 1
| #define HAVE_SYS_TIME_H 1
| #define STDC_HEADERS 1
| #define _ALL_SOURCE 1
| #define _DARWIN_C_SOURCE 1
| #define _GNU_SOURCE 1
| #define _HPUX_ALT_XOPEN_SOCKET_API 1
| #define _NETBSD_SOURCE 1
| #define _OPENBSD_SOURCE 1
| #define _POSIX_PTHREAD_SEMANTICS 1
| #define __STDC_WANT_IEC_60559_ATTRIBS_EXT__ 1
| #define __STDC_WANT_IEC_60559_BFP_EXT__ 1
| #define __STDC_WANT_IEC_60559_DFP_EXT__ 1
| #define __STDC_WANT_IEC_60559_FUNCS_EXT__ 1
| #define __STDC_WANT_IEC_60559_TYPES_EXT__ 1
| #define __STDC_WANT_LIB_EXT2__ 1
| #define __STDC_WANT_MATH_SPEC_FUNCS__ 1
| #define _TANDEM_SOURCE 1
| #define __EXTENSIONS__ 1
| #define HAVE_DLFCN_H 1
| #define LT_OBJDIR ".libs/"
| #define HAVE_CXX11 1
| #define HAVE_FUNC_ATTRIBUTE_VISIBILITY 1
| #define BUILD_REVISION "0000000"
| #define BUILD_COMMITID "0000000"
| #define BUILD_TIMESTAMP "<none>"
| #define FLEXIBLE_ARRAY_MEMBER /**/
| #define SIZEOF_UNSIGNED_INT 4
| #define HAVE_UINTPTR_T 1
| #define HAVE_TLS 1
| #define HAVE_FSEEKO 1
| #define HAVE_DECL_TTYNAME_R 1
| #define HAVE_UNISTD_H 1
| #define HAVE_TTYNAME_R 1
| #define HAVE_POSIXDECL_TTYNAME_R 1
| #define HAVE_THREAD_SAFE_GETENV 1
| #define HAVE_TIMEGM 1
| #define HAVE_SETLOCALE 1
| #define GPG_ERR_SOURCE_DEFAULT GPG_ERR_SOURCE_GPGME
| #define LIBASSUAN_API_REQUESTED $req_libassuan_api
| #define GPGME_LIBASSUAN_VERSION ""
| #define HAVE_GETGID 1
| #define HAVE_GETEGID 1
| #define HAVE_CLOSEFROM 1
| #define HAVE_NANOSLEEP 1
| #define HAVE_STPCPY 1
| #define HAVE_SETENV 1
| #define USE_DESCRIPTOR_PASSING 1
| #define ENABLE_UISERVER 1
| #define USE_LINUX_GETDENTS 1
| /* end confdefs.h.  */
| #include <errno.h>
| 
| int
| main (void)
| {
| if (sizeof ((error_t)))
| 	    return 0;
|   ;
|   return 0;
| }
configure:31556: result: yes
configure:31784: checking that generated files are newer than configure
configure:31790: result: done
configure:31897: creating ./config.status

## ---------------------- ##
## Running config.status. ##
## ---------------------- ##

This file was extended by gpgme config.status 1.24.0-unknown, which was
generated by GNU Autoconf 2.71.  Invocation command line was

  CONFIG_FILES    = 
  CONFIG_HEADERS  = 
  CONFIG_LINKS    = 
  CONFIG_COMMANDS = 
  $ ./config.status 

on bardcs03

config.status:1428: creating Makefile
config.status:1428: creating src/Makefile
config.status:1428: creating tests/Makefile
config.status:1428: creating tests/gpg/Makefile
config.status:1428: creating tests/gpgsm/Makefile
config.status:1428: creating tests/opassuan/Makefile
config.status:1428: creating tests/json/Makefile
config.status:1428: creating doc/Makefile
config.status:1428: creating src/versioninfo.rc
config.status:1428: creating src/gpgme.pc
config.status:1428: creating src/gpgme-glib.pc
config.status:1428: creating src/gpgme.h
config.status:1428: creating src/gpgme-config
config.status:1428: creating lang/cpp/Makefile
config.status:1428: creating lang/cpp/src/Makefile
config.status:1428: creating lang/cpp/tests/Makefile
config.status:1428: creating lang/cpp/src/gpgmepp.pc
config.status:1428: creating lang/cpp/src/GpgmeppConfig-w32.cmake.in
config.status:1428: creating lang/cpp/src/GpgmeppConfig.cmake.in
config.status:1428: creating lang/cpp/src/GpgmeppConfigVersion.cmake
config.status:1428: creating lang/cpp/src/gpgmepp_version.h
config.status:1428: creating lang/qt/Makefile
config.status:1428: creating lang/qt/src/Makefile
config.status:1428: creating lang/qt/tests/Makefile
config.status:1428: creating lang/qt/src/qgpgme_version.h
config.status:1428: creating lang/Makefile
config.status:1428: creating lang/cl/Makefile
config.status:1428: creating lang/cl/gpgme.asd
config.status:1428: creating lang/js/Makefile
config.status:1428: creating lang/js/src/Makefile
config.status:1428: creating lang/js/BrowserTestExtension/Makefile
config.status:1428: creating lang/js/DemoExtension/Makefile
config.status:1428: creating lang/qt/doc/Makefile
config.status:1428: creating lang/python/Makefile
config.status:1428: creating lang/python/version.py
config.status:1428: creating lang/python/tests/Makefile
config.status:1428: creating lang/python/src/Makefile
config.status:1428: creating lang/python/examples/Makefile
config.status:1428: creating lang/python/doc/Makefile
config.status:1428: creating lang/python/setup.py
config.status:1428: creating conf/config.h
config.status:1642: executing depfiles commands
config.status:1719: cd src       && sed -e '/# am--include-marker/d' Makefile         | make -f - am--depfiles
config.status:1724: $? = 0
config.status:1719: cd tests       && sed -e '/# am--include-marker/d' Makefile         | make -f - am--depfiles
config.status:1724: $? = 0
config.status:1719: cd tests/gpg       && sed -e '/# am--include-marker/d' Makefile         | make -f - am--depfiles
config.status:1724: $? = 0
config.status:1719: cd tests/gpgsm       && sed -e '/# am--include-marker/d' Makefile         | make -f - am--depfiles
config.status:1724: $? = 0
config.status:1719: cd tests/opassuan       && sed -e '/# am--include-marker/d' Makefile         | make -f - am--depfiles
config.status:1724: $? = 0
config.status:1719: cd tests/json       && sed -e '/# am--include-marker/d' Makefile         | make -f - am--depfiles
config.status:1724: $? = 0
config.status:1719: cd lang/cpp/src       && sed -e '/# am--include-marker/d' Makefile         | make -f - am--depfiles
config.status:1724: $? = 0
config.status:1719: cd lang/cpp/tests       && sed -e '/# am--include-marker/d' Makefile         | make -f - am--depfiles
config.status:1724: $? = 0
config.status:1719: cd lang/qt/src       && sed -e '/# am--include-marker/d' Makefile         | make -f - am--depfiles
config.status:1724: $? = 0
config.status:1719: cd lang/qt/tests       && sed -e '/# am--include-marker/d' Makefile         | make -f - am--depfiles
config.status:1724: $? = 0
config.status:1642: executing libtool commands

## ---------------- ##
## Cache variables. ##
## ---------------- ##

ac_cv_build=x86_64-pc-linux-gnu
ac_cv_c_compiler_gnu=yes
ac_cv_c_flexmember=yes
ac_cv_c_inline=inline
ac_cv_c_undeclared_builtin_options='none needed'
ac_cv_cxx_compiler_gnu=yes
ac_cv_env_CCC_set=
ac_cv_env_CCC_value=
ac_cv_env_CC_FOR_BUILD_set=
ac_cv_env_CC_FOR_BUILD_value=
ac_cv_env_CC_set=
ac_cv_env_CC_value=
ac_cv_env_CFLAGS_set=
ac_cv_env_CFLAGS_value=
ac_cv_env_CPPFLAGS_set=
ac_cv_env_CPPFLAGS_value=
ac_cv_env_CPP_set=
ac_cv_env_CPP_value=
ac_cv_env_CXXCPP_set=
ac_cv_env_CXXCPP_value=
ac_cv_env_CXXFLAGS_set=
ac_cv_env_CXXFLAGS_value=
ac_cv_env_CXX_set=
ac_cv_env_CXX_value=
ac_cv_env_GPGME_QT5TEST_CFLAGS_set=
ac_cv_env_GPGME_QT5TEST_CFLAGS_value=
ac_cv_env_GPGME_QT5TEST_LIBS_set=
ac_cv_env_GPGME_QT5TEST_LIBS_value=
ac_cv_env_GPGME_QT5_CFLAGS_set=
ac_cv_env_GPGME_QT5_CFLAGS_value=
ac_cv_env_GPGME_QT5_LIBS_set=
ac_cv_env_GPGME_QT5_LIBS_value=
ac_cv_env_GPGME_QT6TEST_CFLAGS_set=
ac_cv_env_GPGME_QT6TEST_CFLAGS_value=
ac_cv_env_GPGME_QT6TEST_LIBS_set=
ac_cv_env_GPGME_QT6TEST_LIBS_value=
ac_cv_env_GPGME_QT6_CFLAGS_set=
ac_cv_env_GPGME_QT6_CFLAGS_value=
ac_cv_env_GPGME_QT6_LIBS_set=
ac_cv_env_GPGME_QT6_LIBS_value=
ac_cv_env_LDFLAGS_set=
ac_cv_env_LDFLAGS_value=
ac_cv_env_LIBS_set=
ac_cv_env_LIBS_value=
ac_cv_env_PKG_CONFIG_set=
ac_cv_env_PKG_CONFIG_value=
ac_cv_env_PYTHON_VERSION_set=
ac_cv_env_PYTHON_VERSION_value=
ac_cv_env_PYTHON_set=
ac_cv_env_PYTHON_value=
ac_cv_env_SYSROOT_set=
ac_cv_env_SYSROOT_value=
ac_cv_env_YAT2M_set=
ac_cv_env_YAT2M_value=
ac_cv_env_build_alias_set=
ac_cv_env_build_alias_value=
ac_cv_env_host_alias_set=
ac_cv_env_host_alias_value=
ac_cv_env_target_alias_set=
ac_cv_env_target_alias_value=
ac_cv_func_closefrom=yes
ac_cv_func_getegid=yes
ac_cv_func_getenv_r=no
ac_cv_func_getgid=yes
ac_cv_func_nanosleep=yes
ac_cv_func_setenv=yes
ac_cv_func_setlocale=yes
ac_cv_func_stpcpy=yes
ac_cv_func_timegm=yes
ac_cv_func_ttyname_r=yes
ac_cv_gnu_library_2_1=yes
ac_cv_have_decl_ttyname_r=yes
ac_cv_header_argp_h=yes
ac_cv_header_dlfcn_h=yes
ac_cv_header_inttypes_h=yes
ac_cv_header_locale_h=yes
ac_cv_header_minix_config_h=no
ac_cv_header_poll_h=yes
ac_cv_header_stdint_h=yes
ac_cv_header_stdio_h=yes
ac_cv_header_stdlib_h=yes
ac_cv_header_string_h=yes
ac_cv_header_strings_h=yes
ac_cv_header_sys_select_h=yes
ac_cv_header_sys_stat_h=yes
ac_cv_header_sys_time_h=yes
ac_cv_header_sys_types_h=yes
ac_cv_header_sys_uio_h=yes
ac_cv_header_unistd_h=yes
ac_cv_header_wchar_h=yes
ac_cv_host=x86_64-pc-linux-gnu
ac_cv_member_struct_cmsghdr_cmsg_len=yes
ac_cv_objext=o
ac_cv_path_EGREP='/usr/bin/grep -E'
ac_cv_path_FGREP='/usr/bin/grep -F'
ac_cv_path_GPGRT_CONFIG=/usr/local/bin/gpgrt-config
ac_cv_path_GPG_ERROR_CONFIG=/usr/bin/gpg-error-config
ac_cv_path_GREP=/usr/bin/grep
ac_cv_path_LIBASSUAN_CONFIG=/usr/bin/libassuan-config
ac_cv_path_SED=/usr/bin/sed
ac_cv_path_YAT2M=/usr/local/bin/yat2m
ac_cv_path_ac_pt_PKG_CONFIG=/usr/bin/pkg-config
ac_cv_path_install='/usr/bin/install -c'
ac_cv_path_mkdir=/usr/bin/mkdir
ac_cv_prog_AWK=gawk
ac_cv_prog_CPP='gcc -E'
ac_cv_prog_CXXCPP='g++ -E'
ac_cv_prog_ac_ct_AR=ar
ac_cv_prog_ac_ct_CC=gcc
ac_cv_prog_ac_ct_CXX=g++
ac_cv_prog_ac_ct_MANIFEST_TOOL=mt
ac_cv_prog_ac_ct_OBJDUMP=objdump
ac_cv_prog_ac_ct_RANLIB=ranlib
ac_cv_prog_ac_ct_STRIP=strip
ac_cv_prog_cc_c11=
ac_cv_prog_cc_g=yes
ac_cv_prog_cc_stdc=
ac_cv_prog_cxx_11=no
ac_cv_prog_cxx_cxx11=
ac_cv_prog_cxx_g=yes
ac_cv_prog_cxx_stdcxx=
ac_cv_prog_make_make_set=yes
ac_cv_safe_to_define___extensions__=yes
ac_cv_should_define__xopen_source=no
ac_cv_sizeof_unsigned_int=4
ac_cv_sys_file_offset_bits=no
ac_cv_sys_largefile_CC=no
ac_cv_sys_largefile_source=no
ac_cv_type_error_t=yes
ac_cv_type_off_t=yes
ac_cv_type_uintptr_t=yes
am_cv_CC_dependencies_compiler_type=gcc3
am_cv_CXX_dependencies_compiler_type=gcc3
am_cv_make_support_nested_variables=yes
am_cv_prog_cc_c_o=yes
ax_cv_check_cxxflags__Werror__mno_direct_extern_access=no
ax_cv_cxx_compile_cxx11__std_cpp11=yes
ax_cv_have_func_attribute_visibility=yes
gnupg_cv_func_ttyname_r_posix=yes
gnupg_cv_func_ttyname_r_works=yes
gpgme_cv_tls_works=yes
lt_cv_ar_at_file=@
lt_cv_archive_cmds_need_lc=no
lt_cv_deplibs_check_method=pass_all
lt_cv_file_magic_cmd='$MAGIC_CMD'
lt_cv_file_magic_test_file=
lt_cv_ld_reload_flag=-r
lt_cv_nm_interface='BSD nm'
lt_cv_objdir=.libs
lt_cv_path_LD=/usr/bin/ld
lt_cv_path_LDCXX='/usr/bin/ld -m elf_x86_64'
lt_cv_path_NM='/usr/bin/nm -B'
lt_cv_path_mainfest_tool=no
lt_cv_prog_compiler_c_o=yes
lt_cv_prog_compiler_c_o_CXX=yes
lt_cv_prog_compiler_c_o_RC=yes
lt_cv_prog_compiler_pic='-fPIC -DPIC'
lt_cv_prog_compiler_pic_CXX='-fPIC -DPIC'
lt_cv_prog_compiler_pic_works=yes
lt_cv_prog_compiler_pic_works_CXX=yes
lt_cv_prog_compiler_rtti_exceptions=no
lt_cv_prog_compiler_static_works=yes
lt_cv_prog_compiler_static_works_CXX=yes
lt_cv_prog_gnu_ld=yes
lt_cv_prog_gnu_ldcxx=yes
lt_cv_sharedlib_from_linklib_cmd='printf %s\n'
lt_cv_shlibpath_overrides_runpath=yes
lt_cv_sys_global_symbol_pipe='sed -n -e '\''s/^.*[	 ]\([ABCDGIRSTW][ABCDGIRSTW]*\)[	 ][	 ]*\([_A-Za-z][_A-Za-z0-9]*\)$/\1 \2 \2/p'\'' | sed '\''/ __gnu_lto/d'\'''
lt_cv_sys_global_symbol_to_c_name_address='sed -n -e '\''s/^: \([^ ]*\)[ ]*$/  {\"\1\", (void *) 0},/p'\'' -e '\''s/^[ABCDGIRSTW]* \([^ ]*\) \([^ ]*\)$/  {"\2", (void *) \&\2},/p'\'''
lt_cv_sys_global_symbol_to_c_name_address_lib_prefix='sed -n -e '\''s/^: \([^ ]*\)[ ]*$/  {\"\1\", (void *) 0},/p'\'' -e '\''s/^[ABCDGIRSTW]* \([^ ]*\) \(lib[^ ]*\)$/  {"\2", (void *) \&\2},/p'\'' -e '\''s/^[ABCDGIRSTW]* \([^ ]*\) \([^ ]*\)$/  {"lib\2", (void *) \&\2},/p'\'''
lt_cv_sys_global_symbol_to_cdecl='sed -n -e '\''s/^T .* \(.*\)$/extern int \1();/p'\'' -e '\''s/^[ABCDGIRSTW]* .* \(.*\)$/extern char \1;/p'\'''
lt_cv_sys_max_cmd_len=1572864
lt_cv_to_host_file_cmd=func_convert_file_noop
lt_cv_to_tool_file_cmd=func_convert_file_noop

## ----------------- ##
## Output variables. ##
## ----------------- ##

#include <sys/types.h>
ACLOCAL='${SHELL} '\''/home/henry/QuicKeys/gpgme-1.24.0/build-aux/missing'\'' aclocal-1.16'
AMDEPBACKSLASH='\'
AMDEP_FALSE='#'
AMDEP_TRUE=''
AMTAR='$${TAR-tar}'
AM_BACKSLASH='\'
AM_DEFAULT_V='$(AM_DEFAULT_VERBOSITY)'
AM_DEFAULT_VERBOSITY='1'
AM_V='$(V)'
API__OFF_T='off_t'
API__SSIZE_T='ssize_t'
AR='ar'
AS='as'
AUTOCONF='${SHELL} '\''/home/henry/QuicKeys/gpgme-1.24.0/build-aux/missing'\'' autoconf'
AUTOHEADER='${SHELL} '\''/home/henry/QuicKeys/gpgme-1.24.0/build-aux/missing'\'' autoheader'
AUTOMAKE='${SHELL} '\''/home/henry/QuicKeys/gpgme-1.24.0/build-aux/missing'\'' automake-1.16'
AWK='gawk'
BUILD_FILEVERSION='1,24,0,0'
BUILD_REVISION='0000000'
BUILD_TIMESTAMP='<none>'
BUILD_VERSION='1.24.0.0'
BUILD_W32_GLIB_FALSE=''
BUILD_W32_GLIB_TRUE='#'
CC='gcc'
CCDEPMODE='depmode=gcc3'
CC_FOR_BUILD='gcc'
CFLAGS='-g -O2 -Wall -Wcast-align -Wshadow -Wstrict-prototypes -Wno-format-y2k -Wno-missing-field-initializers -Wno-sign-compare -Wno-format-zero-length -Wno-format-truncation -Wno-sizeof-pointer-div -W -Wextra -Wbad-function-cast -Wwrite-strings -Wdeclaration-after-statement -Wformat -Wformat-security -Wpointer-arith'
CPP='gcc -E'
CPPFLAGS=''
CSCOPE='cscope'
CTAGS='ctags'
CXX='g++ -std=c++11'
CXXCPP='g++ -E -std=c++11'
CXXDEPMODE='depmode=gcc3'
CXXFLAGS='-g -O2 -Wall -Wextra -Wno-shadow'
CYGPATH_W='echo'
DEFS='-DHAVE_CONFIG_H'
DEPDIR='.deps'
DLLTOOL='false'
DOXYGEN=''
DSYMUTIL=''
DUMPBIN=''
ECHO_C=''
ECHO_N='-n'
ECHO_T=''
EGREP='/usr/bin/grep -E'
ENABLED_LANGUAGES='cl cpp '
ETAGS='etags'
EXEEXT=''
FGREP='/usr/bin/grep -F'
GITLOG_TO_CHANGELOG='gitlog-to-changelog'
GLIBC21='yes'
GLIB_CFLAGS=''
GLIB_GENMARSHAL=''
GLIB_LIBS=''
GLIB_MKENUMS=''
GOBJECT_QUERY=''
GPGMEPP_PKGCONFIG_CFLAGS='-I${includedir}'
GPGMEPP_PKGCONFIG_HOST='x86_64-pc-linux-gnu'
GPGMEPP_PKGCONFIG_LIBS='-L${libdir} -lgpgmepp'
GPGME_CONFIG_API_VERSION='1'
GPGME_CONFIG_AVAIL_LANG='cl cpp '
GPGME_CONFIG_CFLAGS='-I${includedir}'
GPGME_CONFIG_HOST='x86_64-pc-linux-gnu'
GPGME_CONFIG_LIBS='-L${libdir} -lgpgme'
GPGME_CPP_CFLAGS=' -fvisibility=hidden'
GPGME_QT5TEST_CFLAGS=''
GPGME_QT5TEST_LIBS=''
GPGME_QT5_CFLAGS=''
GPGME_QT5_LIBS=''
GPGME_QT6TEST_CFLAGS=''
GPGME_QT6TEST_LIBS=''
GPGME_QT6_CFLAGS=''
GPGME_QT6_LIBS=''
GPGRT_CONFIG='/usr/local/bin/gpgrt-config --libdir=/usr/local/lib'
GPG_ERROR_CFLAGS='-I/usr/local/include'
GPG_ERROR_CONFIG='/usr/local/bin/gpgrt-config --libdir=/usr/local/lib gpg-error'
GPG_ERROR_LIBS='-L/usr/local/lib -lgpg-error'
GPG_ERROR_MT_CFLAGS='-I/usr/local/include '
GPG_ERROR_MT_LIBS='-L/usr/local/lib -lgpg-error '
GRAPHVIZ=''
GREP='/usr/bin/grep'
HAVE_ANDROID_SYSTEM_FALSE=''
HAVE_ANDROID_SYSTEM_TRUE='#'
HAVE_CXX11='1'
HAVE_CXX17=''
HAVE_DOSISH_SYSTEM_FALSE=''
HAVE_DOSISH_SYSTEM_TRUE='#'
HAVE_DOT='NO'
HAVE_DOXYGEN_FALSE=''
HAVE_DOXYGEN_TRUE='#'
HAVE_LD_VERSION_SCRIPT_FALSE='#'
HAVE_LD_VERSION_SCRIPT_TRUE=''
HAVE_MACOS_SYSTEM_FALSE=''
HAVE_MACOS_SYSTEM_TRUE='#'
HAVE_UISERVER_FALSE='#'
HAVE_UISERVER_TRUE=''
HAVE_W32_SYSTEM_FALSE=''
HAVE_W32_SYSTEM_TRUE='#'
HAVE_W64_SYSTEM_FALSE=''
HAVE_W64_SYSTEM_TRUE='#'
HAVE_YAT2M_FALSE='#'
HAVE_YAT2M_TRUE=''
INSERT__TYPEDEFS_FOR_GPGME_H='
INSTALL_DATA='${INSTALL} -m 644'
INSTALL_PROGRAM='${INSTALL}'
INSTALL_SCRIPT='${INSTALL}'
INSTALL_STRIP_PROGRAM='$(install_sh) -c -s'
LD='/usr/bin/ld -m elf_x86_64'
LDADD_FOR_TESTS_KLUDGE=''
LDFLAGS=''
LIBASSUAN_CFLAGS=''
LIBASSUAN_CONFIG='/usr/bin/libassuan-config'
LIBASSUAN_LIBS='-lassuan -L/usr/lib/x86_64-linux-gnu -lgpg-error'
LIBGPGMEPP_LT_AGE='21'
LIBGPGMEPP_LT_CURRENT='27'
LIBGPGMEPP_LT_REVISION='0'
LIBGPGME_LT_AGE='33'
LIBGPGME_LT_CURRENT='44'
LIBGPGME_LT_REVISION='0'
LIBOBJS=''
LIBQGPGME_LT_AGE='6'
LIBQGPGME_LT_CURRENT='21'
LIBQGPGME_LT_REVISION='0'
LIBS=''
LIBTOOL='$(SHELL) $(top_builddir)/libtool'
LIPO=''
LN_S='ln -s'
LTLIBOBJS=''
MAINT=''
MAINTAINER_MODE_FALSE='#'
MAINTAINER_MODE_TRUE=''
MAKEINFO='${SHELL} '\''/home/henry/QuicKeys/gpgme-1.24.0/build-aux/missing'\'' makeinfo'
MANIFEST_TOOL=':'
MKDIR_P='/usr/bin/mkdir -p'
MOC2=''
MOC5=''
MOC6=''
NEED__FILE_OFFSET_BITS='0'
NM='/usr/bin/nm -B'
NMEDIT=''
OBJDUMP='objdump'
OBJEXT='o'
OTOOL64=''
OTOOL=''
PACKAGE='gpgme'
PACKAGE_BUGREPORT='https://bugs.gnupg.org'
PACKAGE_NAME='gpgme'
PACKAGE_STRING='gpgme 1.24.0-unknown'
PACKAGE_TARNAME='gpgme'
PACKAGE_URL=''
PACKAGE_VERSION='1.24.0-unknown'
PATH_SEPARATOR=':'
PKG_CONFIG='/usr/bin/pkg-config'
PYTHON=''
PYTHONS=''
PYTHON_CPPFLAGS=''
PYTHON_EXEC_PREFIX=''
PYTHON_EXTRA_LDFLAGS=''
PYTHON_EXTRA_LIBS=''
PYTHON_LIBS=''
PYTHON_PLATFORM=''
PYTHON_PLATFORM_SITE_PKG=''
PYTHON_PREFIX=''
PYTHON_SITE_PKG=''
PYTHON_VERSION=''
QTCHOOSER=''
RANLIB='ranlib'
RC=''
RUN_G13_TESTS_FALSE='#'
RUN_G13_TESTS_TRUE=''
RUN_GPGCONF_TESTS_FALSE='#'
RUN_GPGCONF_TESTS_TRUE=''
RUN_GPGSM_TESTS_FALSE='#'
RUN_GPGSM_TESTS_TRUE=''
RUN_GPG_TESTS_FALSE='#'
RUN_GPG_TESTS_TRUE=''
SED='/usr/bin/sed'
SET_MAKE=''
SHELL='/bin/bash'
STRIP='strip'
SWIG=''
SWIG_LIB=''
SYSROOT=''
USE_DESCRIPTOR_PASSING_FALSE='#'
USE_DESCRIPTOR_PASSING_TRUE=''
USE_GPGRT_CONFIG_FALSE=''
USE_GPGRT_CONFIG_TRUE='#'
VERSION='1.24.0-unknown'
VERSION_MAJOR='1'
VERSION_MICRO='0'
VERSION_MINOR='24'
VERSION_NUMBER='0x011800'
WANT_QT5_FALSE=''
WANT_QT5_TRUE='#'
WANT_QT6_FALSE=''
WANT_QT6_TRUE='#'
YAT2M='/usr/local/bin/yat2m'
ac_ct_AR='ar'
ac_ct_CC='gcc'
ac_ct_CXX='g++'
ac_ct_DUMPBIN=''
am__EXEEXT_FALSE=''
am__EXEEXT_TRUE='#'
am__fastdepCC_FALSE='#'
am__fastdepCC_TRUE=''
am__fastdepCXX_FALSE='#'
am__fastdepCXX_TRUE=''
am__include='include'
am__isrc=' -I$(srcdir)'
am__leading_dot='.'
am__nodep='_no'
am__quote=''
am__tar='$${TAR-tar} chof - "$$tardir"'
am__untar='$${TAR-tar} xf -'
bindir='${exec_prefix}/bin'
build='x86_64-pc-linux-gnu'
build_alias=''
build_cpu='x86_64'
build_os='linux-gnu'
build_vendor='pc'
datadir='${datarootdir}'
datarootdir='${prefix}/share'
docdir='${datarootdir}/doc/${PACKAGE_TARNAME}'
dvidir='${docdir}'
emacs_local_vars_begin='Local Variables:'
emacs_local_vars_end='End:'
emacs_local_vars_read_only='buffer-read-only: t'
exec_prefix='${prefix}'
host='x86_64-pc-linux-gnu'
host_alias=''
host_cpu='x86_64'
host_os='linux-gnu'
host_vendor='pc'
htmldir='${docdir}'
includedir='${prefix}/include'
infodir='${datarootdir}/info'
install_sh='${SHELL} /home/henry/QuicKeys/gpgme-1.24.0/build-aux/install-sh'
libdir='${exec_prefix}/lib'
libexecdir='${exec_prefix}/libexec'
localedir='${datarootdir}/locale'
localstatedir='${prefix}/var'
mandir='${datarootdir}/man'
mkdir_p='$(MKDIR_P)'
oldincludedir='/usr/include'
pdfdir='${docdir}'
pkgpyexecdir=''
pkgpythondir=''
prefix='/usr/local'
program_transform_name='s,x,x,'
psdir='${docdir}'
pyexecdir=''
pythondir=''
runstatedir='${localstatedir}/run'
sbindir='${exec_prefix}/sbin'
sharedstatedir='${prefix}/com'
sysconfdir='${prefix}/etc'
target_alias=''
typedef off_t   gpgme_off_t;
typedef ssize_t gpgme_ssize_t;'

## ----------- ##
## confdefs.h. ##
## ----------- ##

/* confdefs.h */
#define PACKAGE_NAME "gpgme"
#define PACKAGE_TARNAME "gpgme"
#define PACKAGE_VERSION "1.24.0-unknown"
#define PACKAGE_STRING "gpgme 1.24.0-unknown"
#define PACKAGE_BUGREPORT "https://bugs.gnupg.org"
#define PACKAGE_URL ""
#define PACKAGE "gpgme"
#define VERSION "1.24.0-unknown"
#define HAVE_STDIO_H 1
#define HAVE_STDLIB_H 1
#define HAVE_STRING_H 1
#define HAVE_INTTYPES_H 1
#define HAVE_STDINT_H 1
#define HAVE_STRINGS_H 1
#define HAVE_SYS_STAT_H 1
#define HAVE_SYS_TYPES_H 1
#define HAVE_UNISTD_H 1
#define HAVE_WCHAR_H 1
#define HAVE_LOCALE_H 1
#define HAVE_SYS_SELECT_H 1
#define HAVE_SYS_UIO_H 1
#define HAVE_ARGP_H 1
#define HAVE_POLL_H 1
#define HAVE_SYS_TIME_H 1
#define STDC_HEADERS 1
#define _ALL_SOURCE 1
#define _DARWIN_C_SOURCE 1
#define _GNU_SOURCE 1
#define _HPUX_ALT_XOPEN_SOCKET_API 1
#define _NETBSD_SOURCE 1
#define _OPENBSD_SOURCE 1
#define _POSIX_PTHREAD_SEMANTICS 1
#define __STDC_WANT_IEC_60559_ATTRIBS_EXT__ 1
#define __STDC_WANT_IEC_60559_BFP_EXT__ 1
#define __STDC_WANT_IEC_60559_DFP_EXT__ 1
#define __STDC_WANT_IEC_60559_FUNCS_EXT__ 1
#define __STDC_WANT_IEC_60559_TYPES_EXT__ 1
#define __STDC_WANT_LIB_EXT2__ 1
#define __STDC_WANT_MATH_SPEC_FUNCS__ 1
#define _TANDEM_SOURCE 1
#define __EXTENSIONS__ 1
#define HAVE_DLFCN_H 1
#define LT_OBJDIR ".libs/"
#define HAVE_CXX11 1
#define HAVE_FUNC_ATTRIBUTE_VISIBILITY 1
#define BUILD_REVISION "0000000"
#define BUILD_COMMITID "0000000"
#define BUILD_TIMESTAMP "<none>"
#define FLEXIBLE_ARRAY_MEMBER /**/
#define SIZEOF_UNSIGNED_INT 4
#define HAVE_UINTPTR_T 1
#define HAVE_TLS 1
#define HAVE_FSEEKO 1
#define HAVE_DECL_TTYNAME_R 1
#define HAVE_UNISTD_H 1
#define HAVE_TTYNAME_R 1
#define HAVE_POSIXDECL_TTYNAME_R 1
#define HAVE_THREAD_SAFE_GETENV 1
#define HAVE_TIMEGM 1
#define HAVE_SETLOCALE 1
#define GPG_ERR_SOURCE_DEFAULT GPG_ERR_SOURCE_GPGME
#define LIBASSUAN_API_REQUESTED $req_libassuan_api
#define GPGME_LIBASSUAN_VERSION ""
#define HAVE_GETGID 1
#define HAVE_GETEGID 1
#define HAVE_CLOSEFROM 1
#define HAVE_NANOSLEEP 1
#define HAVE_STPCPY 1
#define HAVE_SETENV 1
#define USE_DESCRIPTOR_PASSING 1
#define ENABLE_UISERVER 1
#define USE_LINUX_GETDENTS 1
#define HAVE_ERROR_T 1

configure: exit 0
